<?xml version="1.0" encoding="UTF-8"?>
<testsuite name="uk.co.danielbryant.djshopping.shopfront.ShopfrontApplicationTests" time="0.021" tests="1" errors="1" skipped="0" failures="0">
  <properties>
[...]
</properties>
  <testcase name="contextLoads" classname="uk.co.danielbryant.djshopping.shopfront.ShopfrontApplicationTests" time="0.021">
    <error message="Failed to load ApplicationContext" type="java.lang.IllegalStateException"><![CDATA[java.lang.IllegalStateException: Failed to load ApplicationContext
	at org.springframework.test.context.cache.DefaultCacheAwareContextLoaderDelegate.loadContext(DefaultCacheAwareContextLoaderDelegate.java:124)
	at org.springframework.test.context.support.DefaultTestContext.getApplicationContext(DefaultTestContext.java:83)
	at org.springframework.test.context.support.DependencyInjectionTestExecutionListener.injectDependencies(DependencyInjectionTestExecutionListener.java:117)
	at org.springframework.test.context.support.DependencyInjectionTestExecutionListener.prepareTestInstance(DependencyInjectionTestExecutionListener.java:83)
	at org.springframework.boot.test.autoconfigure.SpringBootDependencyInjectionTestExecutionListener.prepareTestInstance(SpringBootDependencyInjectionTestExecutionListener.java:43)
	at org.springframework.test.context.TestContextManager.prepareTestInstance(TestContextManager.java:230)
	at org.springframework.test.context.junit4.SpringJUnit4ClassRunner.createTest(SpringJUnit4ClassRunner.java:228)
	at org.springframework.test.context.junit4.SpringJUnit4ClassRunner$1.runReflectiveCall(SpringJUnit4ClassRunner.java:287)
	at org.junit.internal.runners.model.ReflectiveCallable.run(ReflectiveCallable.java:12)
	at org.springframework.test.context.junit4.SpringJUnit4ClassRunner.methodBlock(SpringJUnit4ClassRunner.java:289)
	at org.springframework.test.context.junit4.SpringJUnit4ClassRunner.runChild(SpringJUnit4ClassRunner.java:247)
	at org.springframework.test.context.junit4.SpringJUnit4ClassRunner.runChild(SpringJUnit4ClassRunner.java:94)
	at org.junit.runners.ParentRunner$3.run(ParentRunner.java:290)
	at org.junit.runners.ParentRunner$1.schedule(ParentRunner.java:71)
	at org.junit.runners.ParentRunner.runChildren(ParentRunner.java:288)
	at org.junit.runners.ParentRunner.access$000(ParentRunner.java:58)
	at org.junit.runners.ParentRunner$2.evaluate(ParentRunner.java:268)
	at org.springframework.test.context.junit4.statements.RunBeforeTestClassCallbacks.evaluate(RunBeforeTestClassCallbacks.java:61)
	at org.springframework.test.context.junit4.statements.RunAfterTestClassCallbacks.evaluate(RunAfterTestClassCallbacks.java:70)
	at org.junit.runners.ParentRunner.run(ParentRunner.java:363)
	at org.springframework.test.context.junit4.SpringJUnit4ClassRunner.run(SpringJUnit4ClassRunner.java:191)
	at org.apache.maven.surefire.junit4.JUnit4Provider.execute(JUnit4Provider.java:283)
	at org.apache.maven.surefire.junit4.JUnit4Provider.executeWithRerun(JUnit4Provider.java:173)
	at org.apache.maven.surefire.junit4.JUnit4Provider.executeTestSet(JUnit4Provider.java:153)
	at org.apache.maven.surefire.junit4.JUnit4Provider.invoke(JUnit4Provider.java:128)
	at org.apache.maven.surefire.booter.ForkedBooter.invokeProviderInSameClassLoader(ForkedBooter.java:203)
	at org.apache.maven.surefire.booter.ForkedBooter.runSuitesInProcess(ForkedBooter.java:155)
	at org.apache.maven.surefire.booter.ForkedBooter.main(ForkedBooter.java:103)
Caused by: java.lang.IllegalStateException: Cannot load configuration class: org.springframework.cloud.bootstrap.config.PropertySourceBootstrapConfiguration
	at org.springframework.context.annotation.ConfigurationClassPostProcessor.enhanceConfigurationClasses(ConfigurationClassPostProcessor.java:404)
	at org.springframework.context.annotation.ConfigurationClassPostProcessor.postProcessBeanFactory(ConfigurationClassPostProcessor.java:249)
	at org.springframework.context.support.PostProcessorRegistrationDelegate.invokeBeanFactoryPostProcessors(PostProcessorRegistrationDelegate.java:283)
	at org.springframework.context.support.PostProcessorRegistrationDelegate.invokeBeanFactoryPostProcessors(PostProcessorRegistrationDelegate.java:127)
	at org.springframework.context.support.AbstractApplicationContext.invokeBeanFactoryPostProcessors(AbstractApplicationContext.java:687)
	at org.springframework.context.support.AbstractApplicationContext.refresh(AbstractApplicationContext.java:524)
	at org.springframework.boot.SpringApplication.refresh(SpringApplication.java:666)
	at org.springframework.boot.SpringApplication.refreshContext(SpringApplication.java:353)
	at org.springframework.boot.SpringApplication.run(SpringApplication.java:300)
	at org.springframework.boot.builder.SpringApplicationBuilder.run(SpringApplicationBuilder.java:135)
	at org.springframework.cloud.bootstrap.BootstrapApplicationListener.bootstrapServiceContext(BootstrapApplicationListener.java:175)
	at org.springframework.cloud.bootstrap.BootstrapApplicationListener.onApplicationEvent(BootstrapApplicationListener.java:98)
	at org.springframework.cloud.bootstrap.BootstrapApplicationListener.onApplicationEvent(BootstrapApplicationListener.java:64)
	at org.springframework.context.event.SimpleApplicationEventMulticaster.doInvokeListener(SimpleApplicationEventMulticaster.java:172)
	at org.springframework.context.event.SimpleApplicationEventMulticaster.invokeListener(SimpleApplicationEventMulticaster.java:165)
	at org.springframework.context.event.SimpleApplicationEventMulticaster.multicastEvent(SimpleApplicationEventMulticaster.java:139)
	at org.springframework.context.event.SimpleApplicationEventMulticaster.multicastEvent(SimpleApplicationEventMulticaster.java:122)
	at org.springframework.boot.context.event.EventPublishingRunListener.environmentPrepared(EventPublishingRunListener.java:75)
	at org.springframework.boot.SpringApplicationRunListeners.environmentPrepared(SpringApplicationRunListeners.java:53)
	at org.springframework.boot.SpringApplication.prepareEnvironment(SpringApplication.java:320)
	at org.springframework.boot.SpringApplication.run(SpringApplication.java:295)
	at org.springframework.boot.test.context.SpringBootContextLoader.loadContext(SpringBootContextLoader.java:118)
	at org.springframework.test.context.cache.DefaultCacheAwareContextLoaderDelegate.loadContextInternal(DefaultCacheAwareContextLoaderDelegate.java:98)
	at org.springframework.test.context.cache.DefaultCacheAwareContextLoaderDelegate.loadContext(DefaultCacheAwareContextLoaderDelegate.java:116)
	at org.springframework.test.context.support.DefaultTestContext.getApplicationContext(DefaultTestContext.java:83)
	at org.springframework.test.context.support.DependencyInjectionTestExecutionListener.injectDependencies(DependencyInjectionTestExecutionListener.java:117)
	at org.springframework.test.context.support.DependencyInjectionTestExecutionListener.prepareTestInstance(DependencyInjectionTestExecutionListener.java:83)
	at org.springframework.boot.test.autoconfigure.SpringBootDependencyInjectionTestExecutionListener.prepareTestInstance(SpringBootDependencyInjectionTestExecutionListener.java:43)
	at org.springframework.test.context.TestContextManager.prepareTestInstance(TestContextManager.java:230)
	at org.springframework.test.context.junit4.SpringJUnit4ClassRunner.createTest(SpringJUnit4ClassRunner.java:228)
	at org.springframework.test.context.junit4.SpringJUnit4ClassRunner$1.runReflectiveCall(SpringJUnit4ClassRunner.java:287)
	at org.junit.internal.runners.model.ReflectiveCallable.run(ReflectiveCallable.java:12)
	at org.springframework.test.context.junit4.SpringJUnit4ClassRunner.methodBlock(SpringJUnit4ClassRunner.java:289)
	at org.springframework.test.context.junit4.SpringJUnit4ClassRunner.runChild(SpringJUnit4ClassRunner.java:247)
	at org.springframework.test.context.junit4.SpringJUnit4ClassRunner.runChild(SpringJUnit4ClassRunner.java:94)
	at org.junit.runners.ParentRunner$3.run(ParentRunner.java:290)
	at org.junit.runners.ParentRunner$1.schedule(ParentRunner.java:71)
	at org.junit.runners.ParentRunner.runChildren(ParentRunner.java:288)
	at org.junit.runners.ParentRunner.access$000(ParentRunner.java:58)
	at org.junit.runners.ParentRunner$2.evaluate(ParentRunner.java:268)
	at org.springframework.test.context.junit4.statements.RunBeforeTestClassCallbacks.evaluate(RunBeforeTestClassCallbacks.java:61)
	at org.springframework.test.context.junit4.statements.RunAfterTestClassCallbacks.evaluate(RunAfterTestClassCallbacks.java:70)
	at org.junit.runners.ParentRunner.run(ParentRunner.java:363)
	at org.springframework.test.context.junit4.SpringJUnit4ClassRunner.run(SpringJUnit4ClassRunner.java:191)
	at org.apache.maven.surefire.junit4.JUnit4Provider.execute(JUnit4Provider.java:283)
	at org.apache.maven.surefire.junit4.JUnit4Provider.executeWithRerun(JUnit4Provider.java:173)
	at org.apache.maven.surefire.junit4.JUnit4Provider.executeTestSet(JUnit4Provider.java:153)
	at org.apache.maven.surefire.junit4.JUnit4Provider.invoke(JUnit4Provider.java:128)
	at org.apache.maven.surefire.booter.ForkedBooter.invokeProviderInSameClassLoader(ForkedBooter.java:203)
	at org.apache.maven.surefire.booter.ForkedBooter.runSuitesInProcess(ForkedBooter.java:155)
	at org.apache.maven.surefire.booter.ForkedBooter.main(ForkedBooter.java:103)
Caused by: java.lang.ExceptionInInitializerError: null
	at org.springframework.context.annotation.ConfigurationClassEnhancer.newEnhancer(ConfigurationClassEnhancer.java:122)
	at org.springframework.context.annotation.ConfigurationClassEnhancer.enhance(ConfigurationClassEnhancer.java:110)
	at org.springframework.context.annotation.ConfigurationClassPostProcessor.enhanceConfigurationClasses(ConfigurationClassPostProcessor.java:394)
	at org.springframework.context.annotation.ConfigurationClassPostProcessor.postProcessBeanFactory(ConfigurationClassPostProcessor.java:249)
	at org.springframework.context.support.PostProcessorRegistrationDelegate.invokeBeanFactoryPostProcessors(PostProcessorRegistrationDelegate.java:283)
	at org.springframework.context.support.PostProcessorRegistrationDelegate.invokeBeanFactoryPostProcessors(PostProcessorRegistrationDelegate.java:127)
	at org.springframework.context.support.AbstractApplicationContext.invokeBeanFactoryPostProcessors(AbstractApplicationContext.java:687)
	at org.springframework.context.support.AbstractApplicationContext.refresh(AbstractApplicationContext.java:524)
	at org.springframework.boot.SpringApplication.refresh(SpringApplication.java:666)
	at org.springframework.boot.SpringApplication.refreshContext(SpringApplication.java:353)
	at org.springframework.boot.SpringApplication.run(SpringApplication.java:300)
	at org.springframework.boot.builder.SpringApplicationBuilder.run(SpringApplicationBuilder.java:135)
	at org.springframework.cloud.bootstrap.BootstrapApplicationListener.bootstrapServiceContext(BootstrapApplicationListener.java:175)
	at org.springframework.cloud.bootstrap.BootstrapApplicationListener.onApplicationEvent(BootstrapApplicationListener.java:98)
	at org.springframework.cloud.bootstrap.BootstrapApplicationListener.onApplicationEvent(BootstrapApplicationListener.java:64)
	at org.springframework.context.event.SimpleApplicationEventMulticaster.doInvokeListener(SimpleApplicationEventMulticaster.java:172)
	at org.springframework.context.event.SimpleApplicationEventMulticaster.invokeListener(SimpleApplicationEventMulticaster.java:165)
	at org.springframework.context.event.SimpleApplicationEventMulticaster.multicastEvent(SimpleApplicationEventMulticaster.java:139)
	at org.springframework.context.event.SimpleApplicationEventMulticaster.multicastEvent(SimpleApplicationEventMulticaster.java:122)
	at org.springframework.boot.context.event.EventPublishingRunListener.environmentPrepared(EventPublishingRunListener.java:75)
	at org.springframework.boot.SpringApplicationRunListeners.environmentPrepared(SpringApplicationRunListeners.java:53)
	at org.springframework.boot.SpringApplication.prepareEnvironment(SpringApplication.java:320)
	at org.springframework.boot.SpringApplication.run(SpringApplication.java:295)
	at org.springframework.boot.test.context.SpringBootContextLoader.loadContext(SpringBootContextLoader.java:118)
	at org.springframework.test.context.cache.DefaultCacheAwareContextLoaderDelegate.loadContextInternal(DefaultCacheAwareContextLoaderDelegate.java:98)
	at org.springframework.test.context.cache.DefaultCacheAwareContextLoaderDelegate.loadContext(DefaultCacheAwareContextLoaderDelegate.java:116)
	at org.springframework.test.context.support.DefaultTestContext.getApplicationContext(DefaultTestContext.java:83)
	at org.springframework.test.context.support.DependencyInjectionTestExecutionListener.injectDependencies(DependencyInjectionTestExecutionListener.java:117)
	at org.springframework.test.context.support.DependencyInjectionTestExecutionListener.prepareTestInstance(DependencyInjectionTestExecutionListener.java:83)
	at org.springframework.boot.test.autoconfigure.SpringBootDependencyInjectionTestExecutionListener.prepareTestInstance(SpringBootDependencyInjectionTestExecutionListener.java:43)
	at org.springframework.test.context.TestContextManager.prepareTestInstance(TestContextManager.java:230)
	at org.springframework.test.context.junit4.SpringJUnit4ClassRunner.createTest(SpringJUnit4ClassRunner.java:228)
	at org.springframework.test.context.junit4.SpringJUnit4ClassRunner$1.runReflectiveCall(SpringJUnit4ClassRunner.java:287)
	at org.junit.internal.runners.model.ReflectiveCallable.run(ReflectiveCallable.java:12)
	at org.springframework.test.context.junit4.SpringJUnit4ClassRunner.methodBlock(SpringJUnit4ClassRunner.java:289)
	at org.springframework.test.context.junit4.SpringJUnit4ClassRunner.runChild(SpringJUnit4ClassRunner.java:247)
	at org.springframework.test.context.junit4.SpringJUnit4ClassRunner.runChild(SpringJUnit4ClassRunner.java:94)
	at org.junit.runners.ParentRunner$3.run(ParentRunner.java:290)
	at org.junit.runners.ParentRunner$1.schedule(ParentRunner.java:71)
	at org.junit.runners.ParentRunner.runChildren(ParentRunner.java:288)
	at org.junit.runners.ParentRunner.access$000(ParentRunner.java:58)
	at org.junit.runners.ParentRunner$2.evaluate(ParentRunner.java:268)
	at org.springframework.test.context.junit4.statements.RunBeforeTestClassCallbacks.evaluate(RunBeforeTestClassCallbacks.java:61)
	at org.springframework.test.context.junit4.statements.RunAfterTestClassCallbacks.evaluate(RunAfterTestClassCallbacks.java:70)
	at org.junit.runners.ParentRunner.run(ParentRunner.java:363)
	at org.springframework.test.context.junit4.SpringJUnit4ClassRunner.run(SpringJUnit4ClassRunner.java:191)
	at org.apache.maven.surefire.junit4.JUnit4Provider.execute(JUnit4Provider.java:283)
	at org.apache.maven.surefire.junit4.JUnit4Provider.executeWithRerun(JUnit4Provider.java:173)
	at org.apache.maven.surefire.junit4.JUnit4Provider.executeTestSet(JUnit4Provider.java:153)
	at org.apache.maven.surefire.junit4.JUnit4Provider.invoke(JUnit4Provider.java:128)
	at org.apache.maven.surefire.booter.ForkedBooter.invokeProviderInSameClassLoader(ForkedBooter.java:203)
	at org.apache.maven.surefire.booter.ForkedBooter.runSuitesInProcess(ForkedBooter.java:155)
	at org.apache.maven.surefire.booter.ForkedBooter.main(ForkedBooter.java:103)
Caused by: org.springframework.cglib.core.CodeGenerationException: java.lang.reflect.InaccessibleObjectException-->Unable to make protected final java.lang.Class java.lang.ClassLoader.defineClass(java.lang.String,byte[],int,int,java.security.ProtectionDomain) throws java.lang.ClassFormatError accessible: module java.base does not "opens java.lang" to unnamed module @6ce2b319
	at org.springframework.cglib.core.ReflectUtils.defineClass(ReflectUtils.java:464)
	at org.springframework.cglib.core.AbstractClassGenerator.generate(AbstractClassGenerator.java:336)
	at org.springframework.cglib.core.AbstractClassGenerator$ClassLoaderData$3.apply(AbstractClassGenerator.java:93)
	at org.springframework.cglib.core.AbstractClassGenerator$ClassLoaderData$3.apply(AbstractClassGenerator.java:91)
	at org.springframework.cglib.core.internal.LoadingCache$2.call(LoadingCache.java:54)
	at java.base/java.util.concurrent.FutureTask.run(FutureTask.java:317)
	at org.springframework.cglib.core.internal.LoadingCache.createEntry(LoadingCache.java:61)
	at org.springframework.cglib.core.internal.LoadingCache.get(LoadingCache.java:34)
	at org.springframework.cglib.core.AbstractClassGenerator$ClassLoaderData.get(AbstractClassGenerator.java:116)
	at org.springframework.cglib.core.AbstractClassGenerator.create(AbstractClassGenerator.java:291)
	at org.springframework.cglib.core.KeyFactory$Generator.create(KeyFactory.java:221)
	at org.springframework.cglib.core.KeyFactory.create(KeyFactory.java:174)
	at org.springframework.cglib.core.KeyFactory.create(KeyFactory.java:153)
	at org.springframework.cglib.proxy.Enhancer.<clinit>(Enhancer.java:73)
	at org.springframework.context.annotation.ConfigurationClassEnhancer.newEnhancer(ConfigurationClassEnhancer.java:122)
	at org.springframework.context.annotation.ConfigurationClassEnhancer.enhance(ConfigurationClassEnhancer.java:110)
	at org.springframework.context.annotation.ConfigurationClassPostProcessor.enhanceConfigurationClasses(ConfigurationClassPostProcessor.java:394)
	at org.springframework.context.annotation.ConfigurationClassPostProcessor.postProcessBeanFactory(ConfigurationClassPostProcessor.java:249)
	at org.springframework.context.support.PostProcessorRegistrationDelegate.invokeBeanFactoryPostProcessors(PostProcessorRegistrationDelegate.java:283)
	at org.springframework.context.support.PostProcessorRegistrationDelegate.invokeBeanFactoryPostProcessors(PostProcessorRegistrationDelegate.java:127)
	at org.springframework.context.support.AbstractApplicationContext.invokeBeanFactoryPostProcessors(AbstractApplicationContext.java:687)
	at org.springframework.context.support.AbstractApplicationContext.refresh(AbstractApplicationContext.java:524)
	at org.springframework.boot.SpringApplication.refresh(SpringApplication.java:666)
	at org.springframework.boot.SpringApplication.refreshContext(SpringApplication.java:353)
	at org.springframework.boot.SpringApplication.run(SpringApplication.java:300)
	at org.springframework.boot.builder.SpringApplicationBuilder.run(SpringApplicationBuilder.java:135)
	at org.springframework.cloud.bootstrap.BootstrapApplicationListener.bootstrapServiceContext(BootstrapApplicationListener.java:175)
	at org.springframework.cloud.bootstrap.BootstrapApplicationListener.onApplicationEvent(BootstrapApplicationListener.java:98)
	at org.springframework.cloud.bootstrap.BootstrapApplicationListener.onApplicationEvent(BootstrapApplicationListener.java:64)
	at org.springframework.context.event.SimpleApplicationEventMulticaster.doInvokeListener(SimpleApplicationEventMulticaster.java:172)
	at org.springframework.context.event.SimpleApplicationEventMulticaster.invokeListener(SimpleApplicationEventMulticaster.java:165)
	at org.springframework.context.event.SimpleApplicationEventMulticaster.multicastEvent(SimpleApplicationEventMulticaster.java:139)
	at org.springframework.context.event.SimpleApplicationEventMulticaster.multicastEvent(SimpleApplicationEventMulticaster.java:122)
	at org.springframework.boot.context.event.EventPublishingRunListener.environmentPrepared(EventPublishingRunListener.java:75)
	at org.springframework.boot.SpringApplicationRunListeners.environmentPrepared(SpringApplicationRunListeners.java:53)
	at org.springframework.boot.SpringApplication.prepareEnvironment(SpringApplication.java:320)
	at org.springframework.boot.SpringApplication.run(SpringApplication.java:295)
	at org.springframework.boot.test.context.SpringBootContextLoader.loadContext(SpringBootContextLoader.java:118)
	at org.springframework.test.context.cache.DefaultCacheAwareContextLoaderDelegate.loadContextInternal(DefaultCacheAwareContextLoaderDelegate.java:98)
	at org.springframework.test.context.cache.DefaultCacheAwareContextLoaderDelegate.loadContext(DefaultCacheAwareContextLoaderDelegate.java:116)
	at org.springframework.test.context.support.DefaultTestContext.getApplicationContext(DefaultTestContext.java:83)
	at org.springframework.test.context.support.DependencyInjectionTestExecutionListener.injectDependencies(DependencyInjectionTestExecutionListener.java:117)
	at org.springframework.test.context.support.DependencyInjectionTestExecutionListener.prepareTestInstance(DependencyInjectionTestExecutionListener.java:83)
	at org.springframework.boot.test.autoconfigure.SpringBootDependencyInjectionTestExecutionListener.prepareTestInstance(SpringBootDependencyInjectionTestExecutionListener.java:43)
	at org.springframework.test.context.TestContextManager.prepareTestInstance(TestContextManager.java:230)
	at org.springframework.test.context.junit4.SpringJUnit4ClassRunner.createTest(SpringJUnit4ClassRunner.java:228)
	at org.springframework.test.context.junit4.SpringJUnit4ClassRunner$1.runReflectiveCall(SpringJUnit4ClassRunner.java:287)
	at org.junit.internal.runners.model.ReflectiveCallable.run(ReflectiveCallable.java:12)
	at org.springframework.test.context.junit4.SpringJUnit4ClassRunner.methodBlock(SpringJUnit4ClassRunner.java:289)
	at org.springframework.test.context.junit4.SpringJUnit4ClassRunner.runChild(SpringJUnit4ClassRunner.java:247)
	at org.springframework.test.context.junit4.SpringJUnit4ClassRunner.runChild(SpringJUnit4ClassRunner.java:94)
	at org.junit.runners.ParentRunner$3.run(ParentRunner.java:290)
	at org.junit.runners.ParentRunner$1.schedule(ParentRunner.java:71)
	at org.junit.runners.ParentRunner.runChildren(ParentRunner.java:288)
	at org.junit.runners.ParentRunner.access$000(ParentRunner.java:58)
	at org.junit.runners.ParentRunner$2.evaluate(ParentRunner.java:268)
	at org.springframework.test.context.junit4.statements.RunBeforeTestClassCallbacks.evaluate(RunBeforeTestClassCallbacks.java:61)
	at org.springframework.test.context.junit4.statements.RunAfterTestClassCallbacks.evaluate(RunAfterTestClassCallbacks.java:70)
	at org.junit.runners.ParentRunner.run(ParentRunner.java:363)
	at org.springframework.test.context.junit4.SpringJUnit4ClassRunner.run(SpringJUnit4ClassRunner.java:191)
	at org.apache.maven.surefire.junit4.JUnit4Provider.execute(JUnit4Provider.java:283)
	at org.apache.maven.surefire.junit4.JUnit4Provider.executeWithRerun(JUnit4Provider.java:173)
	at org.apache.maven.surefire.junit4.JUnit4Provider.executeTestSet(JUnit4Provider.java:153)
	at org.apache.maven.surefire.junit4.JUnit4Provider.invoke(JUnit4Provider.java:128)
	at org.apache.maven.surefire.booter.ForkedBooter.invokeProviderInSameClassLoader(ForkedBooter.java:203)
	at org.apache.maven.surefire.booter.ForkedBooter.runSuitesInProcess(ForkedBooter.java:155)
	at org.apache.maven.surefire.booter.ForkedBooter.main(ForkedBooter.java:103)
Caused by: java.lang.reflect.InaccessibleObjectException: Unable to make protected final java.lang.Class java.lang.ClassLoader.defineClass(java.lang.String,byte[],int,int,java.security.ProtectionDomain) throws java.lang.ClassFormatError accessible: module java.base does not "opens java.lang" to unnamed module @6ce2b319
	at java.base/java.lang.reflect.AccessibleObject.throwInaccessibleObjectException(AccessibleObject.java:391)
	at java.base/java.lang.reflect.AccessibleObject.checkCanSetAccessible(AccessibleObject.java:367)
	at java.base/java.lang.reflect.AccessibleObject.checkCanSetAccessible(AccessibleObject.java:315)
	at java.base/java.lang.reflect.Method.checkCanSetAccessible(Method.java:203)
	at java.base/java.lang.reflect.Method.setAccessible(Method.java:197)
	at org.springframework.cglib.core.ReflectUtils$1.run(ReflectUtils.java:61)
	at java.base/java.security.AccessController.doPrivileged(AccessController.java:571)
	at org.springframework.cglib.core.ReflectUtils.<clinit>(ReflectUtils.java:52)
	at org.springframework.cglib.core.KeyFactory$Generator.generateClass(KeyFactory.java:243)
	at org.springframework.cglib.core.DefaultGeneratorStrategy.generate(DefaultGeneratorStrategy.java:25)
	at org.springframework.cglib.core.AbstractClassGenerator.generate(AbstractClassGenerator.java:329)
	at org.springframework.cglib.core.AbstractClassGenerator$ClassLoaderData$3.apply(AbstractClassGenerator.java:93)
	at org.springframework.cglib.core.AbstractClassGenerator$ClassLoaderData$3.apply(AbstractClassGenerator.java:91)
	at org.springframework.cglib.core.internal.LoadingCache$2.call(LoadingCache.java:54)
	at java.base/java.util.concurrent.FutureTask.run(FutureTask.java:317)
	at org.springframework.cglib.core.internal.LoadingCache.createEntry(LoadingCache.java:61)
	at org.springframework.cglib.core.internal.LoadingCache.get(LoadingCache.java:34)
	at org.springframework.cglib.core.AbstractClassGenerator$ClassLoaderData.get(AbstractClassGenerator.java:116)
	at org.springframework.cglib.core.AbstractClassGenerator.create(AbstractClassGenerator.java:291)
	at org.springframework.cglib.core.KeyFactory$Generator.create(KeyFactory.java:221)
	at org.springframework.cglib.core.KeyFactory.create(KeyFactory.java:174)
	at org.springframework.cglib.core.KeyFactory.create(KeyFactory.java:153)
	at org.springframework.cglib.proxy.Enhancer.<clinit>(Enhancer.java:73)
	at org.springframework.context.annotation.ConfigurationClassEnhancer.newEnhancer(ConfigurationClassEnhancer.java:122)
	at org.springframework.context.annotation.ConfigurationClassEnhancer.enhance(ConfigurationClassEnhancer.java:110)
	at org.springframework.context.annotation.ConfigurationClassPostProcessor.enhanceConfigurationClasses(ConfigurationClassPostProcessor.java:394)
	at org.springframework.context.annotation.ConfigurationClassPostProcessor.postProcessBeanFactory(ConfigurationClassPostProcessor.java:249)
	at org.springframework.context.support.PostProcessorRegistrationDelegate.invokeBeanFactoryPostProcessors(PostProcessorRegistrationDelegate.java:283)
	at org.springframework.context.support.PostProcessorRegistrationDelegate.invokeBeanFactoryPostProcessors(PostProcessorRegistrationDelegate.java:127)
	at org.springframework.context.support.AbstractApplicationContext.invokeBeanFactoryPostProcessors(AbstractApplicationContext.java:687)
	at org.springframework.context.support.AbstractApplicationContext.refresh(AbstractApplicationContext.java:524)
	at org.springframework.boot.SpringApplication.refresh(SpringApplication.java:666)
	at org.springframework.boot.SpringApplication.refreshContext(SpringApplication.java:353)
	at org.springframework.boot.SpringApplication.run(SpringApplication.java:300)
	at org.springframework.boot.builder.SpringApplicationBuilder.run(SpringApplicationBuilder.java:135)
	at org.springframework.cloud.bootstrap.BootstrapApplicationListener.bootstrapServiceContext(BootstrapApplicationListener.java:175)
	at org.springframework.cloud.bootstrap.BootstrapApplicationListener.onApplicationEvent(BootstrapApplicationListener.java:98)
	at org.springframework.cloud.bootstrap.BootstrapApplicationListener.onApplicationEvent(BootstrapApplicationListener.java:64)
	at org.springframework.context.event.SimpleApplicationEventMulticaster.doInvokeListener(SimpleApplicationEventMulticaster.java:172)
	at org.springframework.context.event.SimpleApplicationEventMulticaster.invokeListener(SimpleApplicationEventMulticaster.java:165)
	at org.springframework.context.event.SimpleApplicationEventMulticaster.multicastEvent(SimpleApplicationEventMulticaster.java:139)
	at org.springframework.context.event.SimpleApplicationEventMulticaster.multicastEvent(SimpleApplicationEventMulticaster.java:122)
	at org.springframework.boot.context.event.EventPublishingRunListener.environmentPrepared(EventPublishingRunListener.java:75)
	at org.springframework.boot.SpringApplicationRunListeners.environmentPrepared(SpringApplicationRunListeners.java:53)
	at org.springframework.boot.SpringApplication.prepareEnvironment(SpringApplication.java:320)
	at org.springframework.boot.SpringApplication.run(SpringApplication.java:295)
	at org.springframework.boot.test.context.SpringBootContextLoader.loadContext(SpringBootContextLoader.java:118)
	at org.springframework.test.context.cache.DefaultCacheAwareContextLoaderDelegate.loadContextInternal(DefaultCacheAwareContextLoaderDelegate.java:98)
	at org.springframework.test.context.cache.DefaultCacheAwareContextLoaderDelegate.loadContext(DefaultCacheAwareContextLoaderDelegate.java:116)
	at org.springframework.test.context.support.DefaultTestContext.getApplicationContext(DefaultTestContext.java:83)
	at org.springframework.test.context.support.DependencyInjectionTestExecutionListener.injectDependencies(DependencyInjectionTestExecutionListener.java:117)
	at org.springframework.test.context.support.DependencyInjectionTestExecutionListener.prepareTestInstance(DependencyInjectionTestExecutionListener.java:83)
	at org.springframework.boot.test.autoconfigure.SpringBootDependencyInjectionTestExecutionListener.prepareTestInstance(SpringBootDependencyInjectionTestExecutionListener.java:43)
	at org.springframework.test.context.TestContextManager.prepareTestInstance(TestContextManager.java:230)
	at org.springframework.test.context.junit4.SpringJUnit4ClassRunner.createTest(SpringJUnit4ClassRunner.java:228)
	at org.springframework.test.context.junit4.SpringJUnit4ClassRunner$1.runReflectiveCall(SpringJUnit4ClassRunner.java:287)
	at org.junit.internal.runners.model.ReflectiveCallable.run(ReflectiveCallable.java:12)
	at org.springframework.test.context.junit4.SpringJUnit4ClassRunner.methodBlock(SpringJUnit4ClassRunner.java:289)
	at org.springframework.test.context.junit4.SpringJUnit4ClassRunner.runChild(SpringJUnit4ClassRunner.java:247)
	at org.springframework.test.context.junit4.SpringJUnit4ClassRunner.runChild(SpringJUnit4ClassRunner.java:94)
	at org.junit.runners.ParentRunner$3.run(ParentRunner.java:290)
	at org.junit.runners.ParentRunner$1.schedule(ParentRunner.java:71)
	at org.junit.runners.ParentRunner.runChildren(ParentRunner.java:288)
	at org.junit.runners.ParentRunner.access$000(ParentRunner.java:58)
	at org.junit.runners.ParentRunner$2.evaluate(ParentRunner.java:268)
	at org.springframework.test.context.junit4.statements.RunBeforeTestClassCallbacks.evaluate(RunBeforeTestClassCallbacks.java:61)
	at org.springframework.test.context.junit4.statements.RunAfterTestClassCallbacks.evaluate(RunAfterTestClassCallbacks.java:70)
	at org.junit.runners.ParentRunner.run(ParentRunner.java:363)
	at org.springframework.test.context.junit4.SpringJUnit4ClassRunner.run(SpringJUnit4ClassRunner.java:191)
	at org.apache.maven.surefire.junit4.JUnit4Provider.execute(JUnit4Provider.java:283)
	at org.apache.maven.surefire.junit4.JUnit4Provider.executeWithRerun(JUnit4Provider.java:173)
	at org.apache.maven.surefire.junit4.JUnit4Provider.executeTestSet(JUnit4Provider.java:153)
	at org.apache.maven.surefire.junit4.JUnit4Provider.invoke(JUnit4Provider.java:128)
	at org.apache.maven.surefire.booter.ForkedBooter.invokeProviderInSameClassLoader(ForkedBooter.java:203)
	at org.apache.maven.surefire.booter.ForkedBooter.runSuitesInProcess(ForkedBooter.java:155)
	at org.apache.maven.surefire.booter.ForkedBooter.main(ForkedBooter.java:103)
]]></error>
    <system-out><![CDATA[06:42:07.811 [main] DEBUG org.springframework.test.context.junit4.SpringJUnit4ClassRunner - SpringJUnit4ClassRunner constructor called with [class uk.co.danielbryant.djshopping.shopfront.ShopfrontApplicationTests]
06:42:07.816 [main] DEBUG org.springframework.test.context.BootstrapUtils - Instantiating CacheAwareContextLoaderDelegate from class [org.springframework.test.context.cache.DefaultCacheAwareContextLoaderDelegate]
06:42:07.822 [main] DEBUG org.springframework.test.context.BootstrapUtils - Instantiating BootstrapContext using constructor [public org.springframework.test.context.support.DefaultBootstrapContext(java.lang.Class,org.springframework.test.context.CacheAwareContextLoaderDelegate)]
06:42:07.839 [main] DEBUG org.springframework.test.context.BootstrapUtils - Instantiating TestContextBootstrapper for test class [uk.co.danielbryant.djshopping.shopfront.ShopfrontApplicationTests] from class [org.springframework.boot.test.context.SpringBootTestContextBootstrapper]
06:42:07.849 [main] INFO org.springframework.boot.test.context.SpringBootTestContextBootstrapper - Neither @ContextConfiguration nor @ContextHierarchy found for test class [uk.co.danielbryant.djshopping.shopfront.ShopfrontApplicationTests], using SpringBootContextLoader
06:42:07.851 [main] DEBUG org.springframework.test.context.support.AbstractContextLoader - Did not detect default resource location for test class [uk.co.danielbryant.djshopping.shopfront.ShopfrontApplicationTests]: class path resource [uk/co/danielbryant/djshopping/shopfront/ShopfrontApplicationTests-context.xml] does not exist
06:42:07.852 [main] DEBUG org.springframework.test.context.support.AbstractContextLoader - Did not detect default resource location for test class [uk.co.danielbryant.djshopping.shopfront.ShopfrontApplicationTests]: class path resource [uk/co/danielbryant/djshopping/shopfront/ShopfrontApplicationTestsContext.groovy] does not exist
06:42:07.852 [main] INFO org.springframework.test.context.support.AbstractContextLoader - Could not detect default resource locations for test class [uk.co.danielbryant.djshopping.shopfront.ShopfrontApplicationTests]: no resource found for suffixes {-context.xml, Context.groovy}.
06:42:07.881 [main] DEBUG org.springframework.test.context.support.ActiveProfilesUtils - Could not find an 'annotation declaring class' for annotation type [org.springframework.test.context.ActiveProfiles] and class [uk.co.danielbryant.djshopping.shopfront.ShopfrontApplicationTests]
06:42:07.909 [main] DEBUG org.springframework.boot.test.context.SpringBootTestContextBootstrapper - @TestExecutionListeners is not present for class [uk.co.danielbryant.djshopping.shopfront.ShopfrontApplicationTests]: using defaults.
06:42:07.914 [main] INFO org.springframework.boot.test.context.SpringBootTestContextBootstrapper - Loaded default TestExecutionListener class names from location [META-INF/spring.factories]: [org.springframework.boot.test.mock.mockito.MockitoTestExecutionListener, org.springframework.boot.test.mock.mockito.ResetMocksTestExecutionListener, org.springframework.boot.test.autoconfigure.restdocs.RestDocsTestExecutionListener, org.springframework.boot.test.autoconfigure.web.client.MockRestServiceServerResetTestExecutionListener, org.springframework.boot.test.autoconfigure.web.servlet.MockMvcPrintOnlyOnFailureTestExecutionListener, org.springframework.boot.test.autoconfigure.web.servlet.WebDriverTestExecutionListener, org.springframework.test.context.web.ServletTestExecutionListener, org.springframework.test.context.support.DirtiesContextBeforeModesTestExecutionListener, org.springframework.test.context.support.DependencyInjectionTestExecutionListener, org.springframework.test.context.support.DirtiesContextTestExecutionListener, org.springframework.test.context.transaction.TransactionalTestExecutionListener, org.springframework.test.context.jdbc.SqlScriptsTestExecutionListener]
06:42:07.929 [main] DEBUG org.springframework.boot.test.context.SpringBootTestContextBootstrapper - Could not instantiate TestExecutionListener [org.springframework.test.context.transaction.TransactionalTestExecutionListener]. Specify custom listener classes or make the default listener classes (and their required dependencies) available. Offending class: [org/springframework/transaction/interceptor/TransactionAttributeSource]
06:42:07.929 [main] DEBUG org.springframework.boot.test.context.SpringBootTestContextBootstrapper - Could not instantiate TestExecutionListener [org.springframework.test.context.jdbc.SqlScriptsTestExecutionListener]. Specify custom listener classes or make the default listener classes (and their required dependencies) available. Offending class: [org/springframework/transaction/interceptor/TransactionAttribute]
06:42:07.929 [main] INFO org.springframework.boot.test.context.SpringBootTestContextBootstrapper - Using TestExecutionListeners: [org.springframework.test.context.web.ServletTestExecutionListener@460d0a57, org.springframework.test.context.support.DirtiesContextBeforeModesTestExecutionListener@47d90b9e, org.springframework.boot.test.mock.mockito.MockitoTestExecutionListener@1184ab05, org.springframework.boot.test.autoconfigure.SpringBootDependencyInjectionTestExecutionListener@3aefe5e5, org.springframework.test.context.support.DirtiesContextTestExecutionListener@149e0f5d, org.springframework.boot.test.mock.mockito.ResetMocksTestExecutionListener@1b1473ab, org.springframework.boot.test.autoconfigure.restdocs.RestDocsTestExecutionListener@2f7c2f4f, org.springframework.boot.test.autoconfigure.web.client.MockRestServiceServerResetTestExecutionListener@6af93788, org.springframework.boot.test.autoconfigure.web.servlet.MockMvcPrintOnlyOnFailureTestExecutionListener@ef9296d, org.springframework.boot.test.autoconfigure.web.servlet.WebDriverTestExecutionListener@36c88a32]
06:42:07.932 [main] DEBUG org.springframework.test.annotation.ProfileValueUtils - Retrieved @ProfileValueSourceConfiguration [null] for test class [uk.co.danielbryant.djshopping.shopfront.ShopfrontApplicationTests]
06:42:07.933 [main] DEBUG org.springframework.test.annotation.ProfileValueUtils - Retrieved ProfileValueSource type [class org.springframework.test.annotation.SystemProfileValueSource] for class [uk.co.danielbryant.djshopping.shopfront.ShopfrontApplicationTests]
06:42:07.935 [main] DEBUG org.springframework.test.context.junit4.SpringJUnit4ClassRunner - SpringJUnit4ClassRunner constructor called with [class uk.co.danielbryant.djshopping.shopfront.ShopfrontApplicationTests]
06:42:07.935 [main] DEBUG org.springframework.test.context.BootstrapUtils - Instantiating CacheAwareContextLoaderDelegate from class [org.springframework.test.context.cache.DefaultCacheAwareContextLoaderDelegate]
06:42:07.935 [main] DEBUG org.springframework.test.context.BootstrapUtils - Instantiating BootstrapContext using constructor [public org.springframework.test.context.support.DefaultBootstrapContext(java.lang.Class,org.springframework.test.context.CacheAwareContextLoaderDelegate)]
06:42:07.935 [main] DEBUG org.springframework.test.context.BootstrapUtils - Instantiating TestContextBootstrapper for test class [uk.co.danielbryant.djshopping.shopfront.ShopfrontApplicationTests] from class [org.springframework.boot.test.context.SpringBootTestContextBootstrapper]
06:42:07.936 [main] INFO org.springframework.boot.test.context.SpringBootTestContextBootstrapper - Neither @ContextConfiguration nor @ContextHierarchy found for test class [uk.co.danielbryant.djshopping.shopfront.ShopfrontApplicationTests], using SpringBootContextLoader
06:42:07.936 [main] DEBUG org.springframework.test.context.support.AbstractContextLoader - Did not detect default resource location for test class [uk.co.danielbryant.djshopping.shopfront.ShopfrontApplicationTests]: class path resource [uk/co/danielbryant/djshopping/shopfront/ShopfrontApplicationTests-context.xml] does not exist
06:42:07.936 [main] DEBUG org.springframework.test.context.support.AbstractContextLoader - Did not detect default resource location for test class [uk.co.danielbryant.djshopping.shopfront.ShopfrontApplicationTests]: class path resource [uk/co/danielbryant/djshopping/shopfront/ShopfrontApplicationTestsContext.groovy] does not exist
06:42:07.936 [main] INFO org.springframework.test.context.support.AbstractContextLoader - Could not detect default resource locations for test class [uk.co.danielbryant.djshopping.shopfront.ShopfrontApplicationTests]: no resource found for suffixes {-context.xml, Context.groovy}.
06:42:07.941 [main] DEBUG org.springframework.test.context.support.ActiveProfilesUtils - Could not find an 'annotation declaring class' for annotation type [org.springframework.test.context.ActiveProfiles] and class [uk.co.danielbryant.djshopping.shopfront.ShopfrontApplicationTests]
06:42:07.942 [main] DEBUG org.springframework.boot.test.context.SpringBootTestContextBootstrapper - @TestExecutionListeners is not present for class [uk.co.danielbryant.djshopping.shopfront.ShopfrontApplicationTests]: using defaults.
06:42:07.945 [main] INFO org.springframework.boot.test.context.SpringBootTestContextBootstrapper - Loaded default TestExecutionListener class names from location [META-INF/spring.factories]: [org.springframework.boot.test.mock.mockito.MockitoTestExecutionListener, org.springframework.boot.test.mock.mockito.ResetMocksTestExecutionListener, org.springframework.boot.test.autoconfigure.restdocs.RestDocsTestExecutionListener, org.springframework.boot.test.autoconfigure.web.client.MockRestServiceServerResetTestExecutionListener, org.springframework.boot.test.autoconfigure.web.servlet.MockMvcPrintOnlyOnFailureTestExecutionListener, org.springframework.boot.test.autoconfigure.web.servlet.WebDriverTestExecutionListener, org.springframework.test.context.web.ServletTestExecutionListener, org.springframework.test.context.support.DirtiesContextBeforeModesTestExecutionListener, org.springframework.test.context.support.DependencyInjectionTestExecutionListener, org.springframework.test.context.support.DirtiesContextTestExecutionListener, org.springframework.test.context.transaction.TransactionalTestExecutionListener, org.springframework.test.context.jdbc.SqlScriptsTestExecutionListener]
06:42:07.948 [main] DEBUG org.springframework.boot.test.context.SpringBootTestContextBootstrapper - Could not instantiate TestExecutionListener [org.springframework.test.context.transaction.TransactionalTestExecutionListener]. Specify custom listener classes or make the default listener classes (and their required dependencies) available. Offending class: [org/springframework/transaction/interceptor/TransactionAttributeSource]
06:42:07.948 [main] DEBUG org.springframework.boot.test.context.SpringBootTestContextBootstrapper - Could not instantiate TestExecutionListener [org.springframework.test.context.jdbc.SqlScriptsTestExecutionListener]. Specify custom listener classes or make the default listener classes (and their required dependencies) available. Offending class: [org/springframework/transaction/interceptor/TransactionAttribute]
06:42:07.949 [main] INFO org.springframework.boot.test.context.SpringBootTestContextBootstrapper - Using TestExecutionListeners: [org.springframework.test.context.web.ServletTestExecutionListener@4f18837a, org.springframework.test.context.support.DirtiesContextBeforeModesTestExecutionListener@359f7cdf, org.springframework.boot.test.mock.mockito.MockitoTestExecutionListener@1fa268de, org.springframework.boot.test.autoconfigure.SpringBootDependencyInjectionTestExecutionListener@4f6ee6e4, org.springframework.test.context.support.DirtiesContextTestExecutionListener@4466af20, org.springframework.boot.test.mock.mockito.ResetMocksTestExecutionListener@a514af7, org.springframework.boot.test.autoconfigure.restdocs.RestDocsTestExecutionListener@6b927fb, org.springframework.boot.test.autoconfigure.web.client.MockRestServiceServerResetTestExecutionListener@3e58a80e, org.springframework.boot.test.autoconfigure.web.servlet.MockMvcPrintOnlyOnFailureTestExecutionListener@4fb61f4a, org.springframework.boot.test.autoconfigure.web.servlet.WebDriverTestExecutionListener@4fb0f2b9]
06:42:07.949 [main] DEBUG org.springframework.test.annotation.ProfileValueUtils - Retrieved @ProfileValueSourceConfiguration [null] for test class [uk.co.danielbryant.djshopping.shopfront.ShopfrontApplicationTests]
06:42:07.949 [main] DEBUG org.springframework.test.annotation.ProfileValueUtils - Retrieved ProfileValueSource type [class org.springframework.test.annotation.SystemProfileValueSource] for class [uk.co.danielbryant.djshopping.shopfront.ShopfrontApplicationTests]
06:42:07.950 [main] DEBUG org.springframework.test.annotation.ProfileValueUtils - Retrieved @ProfileValueSourceConfiguration [null] for test class [uk.co.danielbryant.djshopping.shopfront.ShopfrontApplicationTests]
06:42:07.950 [main] DEBUG org.springframework.test.annotation.ProfileValueUtils - Retrieved ProfileValueSource type [class org.springframework.test.annotation.SystemProfileValueSource] for class [uk.co.danielbryant.djshopping.shopfront.ShopfrontApplicationTests]
06:42:07.958 [main] DEBUG org.springframework.test.context.support.AbstractDirtiesContextTestExecutionListener - Before test class: context [DefaultTestContext@399f45b1 testClass = ShopfrontApplicationTests, testInstance = [null], testMethod = [null], testException = [null], mergedContextConfiguration = [WebMergedContextConfiguration@38c6f217 testClass = ShopfrontApplicationTests, locations = '{}', classes = '{class uk.co.danielbryant.djshopping.shopfront.ShopfrontApplication, class uk.co.danielbryant.djshopping.shopfront.ShopfrontApplication}', contextInitializerClasses = '[]', activeProfiles = '{}', propertySourceLocations = '{}', propertySourceProperties = '{org.springframework.boot.test.context.SpringBootTestContextBootstrapper=true, server.port=0}', contextCustomizers = set[org.springframework.boot.test.context.SpringBootTestContextCustomizer@473b46c3, org.springframework.boot.test.context.filter.ExcludeFilterContextCustomizer@221af3c0, org.springframework.boot.test.json.DuplicateJsonObjectContextCustomizerFactory$DuplicateJsonObjectContextCustomizer@78a2da20, org.springframework.boot.test.mock.mockito.MockitoContextCustomizer@0, org.springframework.boot.test.autoconfigure.properties.PropertyMappingContextCustomizer@0, org.springframework.boot.test.autoconfigure.web.servlet.WebDriverContextCustomizerFactory$Customizer@29ba4338], resourceBasePath = 'src/main/webapp', contextLoader = 'org.springframework.boot.test.context.SpringBootContextLoader', parent = [null]]], class annotated with @DirtiesContext [false] with mode [null].
06:42:07.959 [main] DEBUG org.springframework.test.annotation.ProfileValueUtils - Retrieved @ProfileValueSourceConfiguration [null] for test class [uk.co.danielbryant.djshopping.shopfront.ShopfrontApplicationTests]
06:42:07.959 [main] DEBUG org.springframework.test.annotation.ProfileValueUtils - Retrieved ProfileValueSource type [class org.springframework.test.annotation.SystemProfileValueSource] for class [uk.co.danielbryant.djshopping.shopfront.ShopfrontApplicationTests]
06:42:07.962 [main] DEBUG org.springframework.test.context.support.DependencyInjectionTestExecutionListener - Performing dependency injection for test context [[DefaultTestContext@399f45b1 testClass = ShopfrontApplicationTests, testInstance = uk.co.danielbryant.djshopping.shopfront.ShopfrontApplicationTests@131774fe, testMethod = [null], testException = [null], mergedContextConfiguration = [WebMergedContextConfiguration@38c6f217 testClass = ShopfrontApplicationTests, locations = '{}', classes = '{class uk.co.danielbryant.djshopping.shopfront.ShopfrontApplication, class uk.co.danielbryant.djshopping.shopfront.ShopfrontApplication}', contextInitializerClasses = '[]', activeProfiles = '{}', propertySourceLocations = '{}', propertySourceProperties = '{org.springframework.boot.test.context.SpringBootTestContextBootstrapper=true, server.port=0}', contextCustomizers = set[org.springframework.boot.test.context.SpringBootTestContextCustomizer@473b46c3, org.springframework.boot.test.context.filter.ExcludeFilterContextCustomizer@221af3c0, org.springframework.boot.test.json.DuplicateJsonObjectContextCustomizerFactory$DuplicateJsonObjectContextCustomizer@78a2da20, org.springframework.boot.test.mock.mockito.MockitoContextCustomizer@0, org.springframework.boot.test.autoconfigure.properties.PropertyMappingContextCustomizer@0, org.springframework.boot.test.autoconfigure.web.servlet.WebDriverContextCustomizerFactory$Customizer@29ba4338], resourceBasePath = 'src/main/webapp', contextLoader = 'org.springframework.boot.test.context.SpringBootContextLoader', parent = [null]]]].
06:42:08.010 [main] DEBUG org.springframework.core.env.StandardEnvironment - Adding PropertySource 'systemProperties' with lowest search precedence
06:42:08.011 [main] DEBUG org.springframework.core.env.StandardEnvironment - Adding PropertySource 'systemEnvironment' with lowest search precedence
06:42:08.011 [main] DEBUG org.springframework.core.env.StandardEnvironment - Initialized StandardEnvironment with PropertySources [MapPropertySource@297602875 {name='systemProperties', properties={java.specification.version=21, sun.jnu.encoding=UTF-8, java.class.path=/home/rob/Desktop/Docker-K8S-JavaApp/shopfront/target/test-classes:/home/rob/Desktop/Docker-K8S-JavaApp/shopfront/target/classes:/home/rob/.m2/repository/org/springframework/boot/spring-boot-starter-thymeleaf/1.5.22.RELEASE/spring-boot-starter-thymeleaf-1.5.22.RELEASE.jar:/home/rob/.m2/repository/org/springframework/boot/spring-boot-starter/1.5.22.RELEASE/spring-boot-starter-1.5.22.RELEASE.jar:/home/rob/.m2/repository/org/springframework/boot/spring-boot/1.5.22.RELEASE/spring-boot-1.5.22.RELEASE.jar:/home/rob/.m2/repository/org/springframework/boot/spring-boot-autoconfigure/1.5.22.RELEASE/spring-boot-autoconfigure-1.5.22.RELEASE.jar:/home/rob/.m2/repository/org/springframework/boot/spring-boot-starter-logging/1.5.22.RELEASE/spring-boot-starter-logging-1.5.22.RELEASE.jar:/home/rob/.m2/repository/ch/qos/logback/logback-classic/1.1.11/logback-classic-1.1.11.jar:/home/rob/.m2/repository/ch/qos/logback/logback-core/1.1.11/logback-core-1.1.11.jar:/home/rob/.m2/repository/org/slf4j/jcl-over-slf4j/1.7.26/jcl-over-slf4j-1.7.26.jar:/home/rob/.m2/repository/org/slf4j/jul-to-slf4j/1.7.26/jul-to-slf4j-1.7.26.jar:/home/rob/.m2/repository/org/slf4j/log4j-over-slf4j/1.7.26/log4j-over-slf4j-1.7.26.jar:/home/rob/.m2/repository/org/yaml/snakeyaml/1.17/snakeyaml-1.17.jar:/home/rob/.m2/repository/org/springframework/boot/spring-boot-starter-web/1.5.22.RELEASE/spring-boot-starter-web-1.5.22.RELEASE.jar:/home/rob/.m2/repository/org/springframework/boot/spring-boot-starter-tomcat/1.5.22.RELEASE/spring-boot-starter-tomcat-1.5.22.RELEASE.jar:/home/rob/.m2/repository/org/apache/tomcat/embed/tomcat-embed-core/8.5.43/tomcat-embed-core-8.5.43.jar:/home/rob/.m2/repository/org/apache/tomcat/tomcat-annotations-api/8.5.43/tomcat-annotations-api-8.5.43.jar:/home/rob/.m2/repository/org/apache/tomcat/embed/tomcat-embed-el/8.5.43/tomcat-embed-el-8.5.43.jar:/home/rob/.m2/repository/org/apache/tomcat/embed/tomcat-embed-websocket/8.5.43/tomcat-embed-websocket-8.5.43.jar:/home/rob/.m2/repository/org/hibernate/hibernate-validator/5.3.6.Final/hibernate-validator-5.3.6.Final.jar:/home/rob/.m2/repository/javax/validation/validation-api/1.1.0.Final/validation-api-1.1.0.Final.jar:/home/rob/.m2/repository/org/jboss/logging/jboss-logging/3.3.2.Final/jboss-logging-3.3.2.Final.jar:/home/rob/.m2/repository/com/fasterxml/classmate/1.3.4/classmate-1.3.4.jar:/home/rob/.m2/repository/com/fasterxml/jackson/core/jackson-databind/2.8.11.3/jackson-databind-2.8.11.3.jar:/home/rob/.m2/repository/org/springframework/spring-web/4.3.25.RELEASE/spring-web-4.3.25.RELEASE.jar:/home/rob/.m2/repository/org/springframework/spring-aop/4.3.25.RELEASE/spring-aop-4.3.25.RELEASE.jar:/home/rob/.m2/repository/org/springframework/spring-beans/4.3.25.RELEASE/spring-beans-4.3.25.RELEASE.jar:/home/rob/.m2/repository/org/springframework/spring-webmvc/4.3.25.RELEASE/spring-webmvc-4.3.25.RELEASE.jar:/home/rob/.m2/repository/org/springframework/spring-expression/4.3.25.RELEASE/spring-expression-4.3.25.RELEASE.jar:/home/rob/.m2/repository/org/thymeleaf/thymeleaf-spring4/2.1.6.RELEASE/thymeleaf-spring4-2.1.6.RELEASE.jar:/home/rob/.m2/repository/org/thymeleaf/thymeleaf/2.1.6.RELEASE/thymeleaf-2.1.6.RELEASE.jar:/home/rob/.m2/repository/ognl/ognl/3.0.8/ognl-3.0.8.jar:/home/rob/.m2/repository/org/javassist/javassist/3.21.0-GA/javassist-3.21.0-GA.jar:/home/rob/.m2/repository/org/unbescape/unbescape/1.1.0.RELEASE/unbescape-1.1.0.RELEASE.jar:/home/rob/.m2/repository/org/slf4j/slf4j-api/1.7.26/slf4j-api-1.7.26.jar:/home/rob/.m2/repository/nz/net/ultraq/thymeleaf/thymeleaf-layout-dialect/1.4.0/thymeleaf-layout-dialect-1.4.0.jar:/home/rob/.m2/repository/org/codehaus/groovy/groovy/2.4.17/groovy-2.4.17.jar:/home/rob/.m2/repository/org/springframework/boot/spring-boot-starter-actuator/1.5.22.RELEASE/spring-boot-starter-actuator-1.5.22.RELEASE.jar:/home/rob/.m2/repository/org/springframework/boot/spring-boot-actuator/1.5.22.RELEASE/spring-boot-actuator-1.5.22.RELEASE.jar:/home/rob/.m2/repository/org/springframework/spring-context/4.3.25.RELEASE/spring-context-4.3.25.RELEASE.jar:/home/rob/.m2/repository/org/springframework/cloud/spring-cloud-starter-hystrix/1.3.6.RELEASE/spring-cloud-starter-hystrix-1.3.6.RELEASE.jar:/home/rob/.m2/repository/org/springframework/cloud/spring-cloud-starter/1.2.5.RELEASE/spring-cloud-starter-1.2.5.RELEASE.jar:/home/rob/.m2/repository/org/springframework/cloud/spring-cloud-context/1.2.5.RELEASE/spring-cloud-context-1.2.5.RELEASE.jar:/home/rob/.m2/repository/org/springframework/security/spring-security-crypto/4.2.13.RELEASE/spring-security-crypto-4.2.13.RELEASE.jar:/home/rob/.m2/repository/org/springframework/cloud/spring-cloud-commons/1.2.5.RELEASE/spring-cloud-commons-1.2.5.RELEASE.jar:/home/rob/.m2/repository/org/springframework/security/spring-security-rsa/1.0.3.RELEASE/spring-security-rsa-1.0.3.RELEASE.jar:/home/rob/.m2/repository/org/bouncycastle/bcpkix-jdk15on/1.55/bcpkix-jdk15on-1.55.jar:/home/rob/.m2/repository/org/bouncycastle/bcprov-jdk15on/1.55/bcprov-jdk15on-1.55.jar:/home/rob/.m2/repository/org/springframework/cloud/spring-cloud-netflix-core/1.3.6.RELEASE/spring-cloud-netflix-core-1.3.6.RELEASE.jar:/home/rob/.m2/repository/org/springframework/cloud/spring-cloud-starter-archaius/1.3.6.RELEASE/spring-cloud-starter-archaius-1.3.6.RELEASE.jar:/home/rob/.m2/repository/com/netflix/archaius/archaius-core/0.7.4/archaius-core-0.7.4.jar:/home/rob/.m2/repository/com/google/code/findbugs/jsr305/3.0.1/jsr305-3.0.1.jar:/home/rob/.m2/repository/commons-configuration/commons-configuration/1.8/commons-configuration-1.8.jar:/home/rob/.m2/repository/commons-lang/commons-lang/2.6/commons-lang-2.6.jar:/home/rob/.m2/repository/com/fasterxml/jackson/core/jackson-annotations/2.8.0/jackson-annotations-2.8.0.jar:/home/rob/.m2/repository/com/fasterxml/jackson/core/jackson-core/2.8.11/jackson-core-2.8.11.jar:/home/rob/.m2/repository/com/google/guava/guava/18.0/guava-18.0.jar:/home/rob/.m2/repository/com/netflix/hystrix/hystrix-core/1.5.12/hystrix-core-1.5.12.jar:/home/rob/.m2/repository/io/reactivex/rxjava/1.1.10/rxjava-1.1.10.jar:/home/rob/.m2/repository/org/hdrhistogram/HdrHistogram/2.1.9/HdrHistogram-2.1.9.jar:/home/rob/.m2/repository/com/netflix/hystrix/hystrix-metrics-event-stream/1.5.12/hystrix-metrics-event-stream-1.5.12.jar:/home/rob/.m2/repository/com/netflix/hystrix/hystrix-serialization/1.5.12/hystrix-serialization-1.5.12.jar:/home/rob/.m2/repository/com/fasterxml/jackson/module/jackson-module-afterburner/2.8.11/jackson-module-afterburner-2.8.11.jar:/home/rob/.m2/repository/com/netflix/hystrix/hystrix-javanica/1.5.12/hystrix-javanica-1.5.12.jar:/home/rob/.m2/repository/org/apache/commons/commons-lang3/3.1/commons-lang3-3.1.jar:/home/rob/.m2/repository/org/ow2/asm/asm/5.0.4/asm-5.0.4.jar:/home/rob/.m2/repository/org/aspectj/aspectjweaver/1.8.14/aspectjweaver-1.8.14.jar:/home/rob/.m2/repository/org/springframework/cloud/spring-cloud-starter-eureka/1.3.6.RELEASE/spring-cloud-starter-eureka-1.3.6.RELEASE.jar:/home/rob/.m2/repository/org/springframework/cloud/spring-cloud-netflix-eureka-client/1.3.6.RELEASE/spring-cloud-netflix-eureka-client-1.3.6.RELEASE.jar:/home/rob/.m2/repository/com/netflix/eureka/eureka-client/1.6.2/eureka-client-1.6.2.jar:/home/rob/.m2/repository/org/codehaus/jettison/jettison/1.3.7/jettison-1.3.7.jar:/home/rob/.m2/repository/stax/stax-api/1.0.1/stax-api-1.0.1.jar:/home/rob/.m2/repository/com/netflix/netflix-commons/netflix-eventbus/0.3.0/netflix-eventbus-0.3.0.jar:/home/rob/.m2/repository/com/netflix/netflix-commons/netflix-infix/0.3.0/netflix-infix-0.3.0.jar:/home/rob/.m2/repository/commons-jxpath/commons-jxpath/1.3/commons-jxpath-1.3.jar:/home/rob/.m2/repository/joda-time/joda-time/2.9.9/joda-time-2.9.9.jar:/home/rob/.m2/repository/org/antlr/antlr-runtime/3.4/antlr-runtime-3.4.jar:/home/rob/.m2/repository/org/antlr/stringtemplate/3.2.1/stringtemplate-3.2.1.jar:/home/rob/.m2/repository/antlr/antlr/2.7.7/antlr-2.7.7.jar:/home/rob/.m2/repository/com/google/code/gson/gson/2.8.5/gson-2.8.5.jar:/home/rob/.m2/repository/org/apache/commons/commons-math/2.2/commons-math-2.2.jar:/home/rob/.m2/repository/javax/ws/rs/jsr311-api/1.1.1/jsr311-api-1.1.1.jar:/home/rob/.m2/repository/com/netflix/servo/servo-core/0.10.1/servo-core-0.10.1.jar:/home/rob/.m2/repository/com/netflix/servo/servo-internal/0.10.1/servo-internal-0.10.1.jar:/home/rob/.m2/repository/com/sun/jersey/jersey-core/1.19.1/jersey-core-1.19.1.jar:/home/rob/.m2/repository/com/sun/jersey/jersey-client/1.19.1/jersey-client-1.19.1.jar:/home/rob/.m2/repository/com/sun/jersey/contribs/jersey-apache-client4/1.19.1/jersey-apache-client4-1.19.1.jar:/home/rob/.m2/repository/org/apache/httpcomponents/httpclient/4.5.9/httpclient-4.5.9.jar:/home/rob/.m2/repository/org/apache/httpcomponents/httpcore/4.4.11/httpcore-4.4.11.jar:/home/rob/.m2/repository/commons-codec/commons-codec/1.10/commons-codec-1.10.jar:/home/rob/.m2/repository/com/google/inject/guice/4.1.0/guice-4.1.0.jar:/home/rob/.m2/repository/javax/inject/javax.inject/1/javax.inject-1.jar:/home/rob/.m2/repository/aopalliance/aopalliance/1.0/aopalliance-1.0.jar:/home/rob/.m2/repository/com/netflix/eureka/eureka-core/1.6.2/eureka-core-1.6.2.jar:/home/rob/.m2/repository/org/codehaus/woodstox/woodstox-core-asl/4.4.1/woodstox-core-asl-4.4.1.jar:/home/rob/.m2/repository/javax/xml/stream/stax-api/1.0-2/stax-api-1.0-2.jar:/home/rob/.m2/repository/org/codehaus/woodstox/stax2-api/3.1.4/stax2-api-3.1.4.jar:/home/rob/.m2/repository/org/springframework/cloud/spring-cloud-starter-ribbon/1.3.6.RELEASE/spring-cloud-starter-ribbon-1.3.6.RELEASE.jar:/home/rob/.m2/repository/com/netflix/ribbon/ribbon/2.2.2/ribbon-2.2.2.jar:/home/rob/.m2/repository/com/netflix/ribbon/ribbon-transport/2.2.2/ribbon-transport-2.2.2.jar:/home/rob/.m2/repository/io/reactivex/rxnetty-contexts/0.4.9/rxnetty-contexts-0.4.9.jar:/home/rob/.m2/repository/io/reactivex/rxnetty-servo/0.4.9/rxnetty-servo-0.4.9.jar:/home/rob/.m2/repository/io/reactivex/rxnetty/0.4.9/rxnetty-0.4.9.jar:/home/rob/.m2/repository/io/netty/netty-codec-http/4.0.27.Final/netty-codec-http-4.0.27.Final.jar:/home/rob/.m2/repository/io/netty/netty-codec/4.0.27.Final/netty-codec-4.0.27.Final.jar:/home/rob/.m2/repository/io/netty/netty-handler/4.0.27.Final/netty-handler-4.0.27.Final.jar:/home/rob/.m2/repository/io/netty/netty-transport-native-epoll/4.0.27.Final/netty-transport-native-epoll-4.0.27.Final.jar:/home/rob/.m2/repository/io/netty/netty-common/4.0.27.Final/netty-common-4.0.27.Final.jar:/home/rob/.m2/repository/io/netty/netty-buffer/4.0.27.Final/netty-buffer-4.0.27.Final.jar:/home/rob/.m2/repository/io/netty/netty-transport/4.0.27.Final/netty-transport-4.0.27.Final.jar:/home/rob/.m2/repository/com/netflix/ribbon/ribbon-core/2.2.2/ribbon-core-2.2.2.jar:/home/rob/.m2/repository/com/netflix/ribbon/ribbon-httpclient/2.2.2/ribbon-httpclient-2.2.2.jar:/home/rob/.m2/repository/commons-collections/commons-collections/3.2.2/commons-collections-3.2.2.jar:/home/rob/.m2/repository/com/netflix/netflix-commons/netflix-commons-util/0.1.1/netflix-commons-util-0.1.1.jar:/home/rob/.m2/repository/com/netflix/ribbon/ribbon-loadbalancer/2.2.2/ribbon-loadbalancer-2.2.2.jar:/home/rob/.m2/repository/com/netflix/netflix-commons/netflix-statistics/0.1.1/netflix-statistics-0.1.1.jar:/home/rob/.m2/repository/com/netflix/ribbon/ribbon-eureka/2.2.2/ribbon-eureka-2.2.2.jar:/home/rob/.m2/repository/com/thoughtworks/xstream/xstream/1.4.9/xstream-1.4.9.jar:/home/rob/.m2/repository/xmlpull/xmlpull/1.1.3.1/xmlpull-1.1.3.1.jar:/home/rob/.m2/repository/xpp3/xpp3_min/1.1.4c/xpp3_min-1.1.4c.jar:/home/rob/.m2/repository/org/springframework/boot/spring-boot-starter-test/1.5.22.RELEASE/spring-boot-starter-test-1.5.22.RELEASE.jar:/home/rob/.m2/repository/org/springframework/boot/spring-boot-test/1.5.22.RELEASE/spring-boot-test-1.5.22.RELEASE.jar:/home/rob/.m2/repository/org/springframework/boot/spring-boot-test-autoconfigure/1.5.22.RELEASE/spring-boot-test-autoconfigure-1.5.22.RELEASE.jar:/home/rob/.m2/repository/com/jayway/jsonpath/json-path/2.2.0/json-path-2.2.0.jar:/home/rob/.m2/repository/net/minidev/json-smart/2.2.1/json-smart-2.2.1.jar:/home/rob/.m2/repository/net/minidev/accessors-smart/1.1/accessors-smart-1.1.jar:/home/rob/.m2/repository/junit/junit/4.12/junit-4.12.jar:/home/rob/.m2/repository/org/assertj/assertj-core/2.6.0/assertj-core-2.6.0.jar:/home/rob/.m2/repository/org/mockito/mockito-core/1.10.19/mockito-core-1.10.19.jar:/home/rob/.m2/repository/org/objenesis/objenesis/2.1/objenesis-2.1.jar:/home/rob/.m2/repository/org/hamcrest/hamcrest-core/1.3/hamcrest-core-1.3.jar:/home/rob/.m2/repository/org/hamcrest/hamcrest-library/1.3/hamcrest-library-1.3.jar:/home/rob/.m2/repository/org/skyscreamer/jsonassert/1.4.0/jsonassert-1.4.0.jar:/home/rob/.m2/repository/com/vaadin/external/google/android-json/0.0.20131108.vaadin1/android-json-0.0.20131108.vaadin1.jar:/home/rob/.m2/repository/org/springframework/spring-core/4.3.25.RELEASE/spring-core-4.3.25.RELEASE.jar:/home/rob/.m2/repository/org/springframework/spring-test/4.3.25.RELEASE/spring-test-4.3.25.RELEASE.jar:, java.vm.vendor=Ubuntu, sun.arch.data.model=64, java.vendor.url=https://ubuntu.com/, user.timezone=America/Regina, java.vm.specification.version=21, os.name=Linux, sun.java.launcher=SUN_STANDARD, user.country=US, sun.boot.library.path=/usr/lib/jvm/java-21-openjdk-amd64/lib, sun.java.command=/home/rob/Desktop/Docker-K8S-JavaApp/shopfront/target/surefire/surefirebooter5127274410701390045.jar /home/rob/Desktop/Docker-K8S-JavaApp/shopfront/target/surefire/surefire13906473157975337978tmp /home/rob/Desktop/Docker-K8S-JavaApp/shopfront/target/surefire/surefire_011008555198689182805tmp, jdk.debug=release, surefire.test.class.path=/home/rob/Desktop/Docker-K8S-JavaApp/shopfront/target/test-classes:/home/rob/Desktop/Docker-K8S-JavaApp/shopfront/target/classes:/home/rob/.m2/repository/org/springframework/boot/spring-boot-starter-thymeleaf/1.5.22.RELEASE/spring-boot-starter-thymeleaf-1.5.22.RELEASE.jar:/home/rob/.m2/repository/org/springframework/boot/spring-boot-starter/1.5.22.RELEASE/spring-boot-starter-1.5.22.RELEASE.jar:/home/rob/.m2/repository/org/springframework/boot/spring-boot/1.5.22.RELEASE/spring-boot-1.5.22.RELEASE.jar:/home/rob/.m2/repository/org/springframework/boot/spring-boot-autoconfigure/1.5.22.RELEASE/spring-boot-autoconfigure-1.5.22.RELEASE.jar:/home/rob/.m2/repository/org/springframework/boot/spring-boot-starter-logging/1.5.22.RELEASE/spring-boot-starter-logging-1.5.22.RELEASE.jar:/home/rob/.m2/repository/ch/qos/logback/logback-classic/1.1.11/logback-classic-1.1.11.jar:/home/rob/.m2/repository/ch/qos/logback/logback-core/1.1.11/logback-core-1.1.11.jar:/home/rob/.m2/repository/org/slf4j/jcl-over-slf4j/1.7.26/jcl-over-slf4j-1.7.26.jar:/home/rob/.m2/repository/org/slf4j/jul-to-slf4j/1.7.26/jul-to-slf4j-1.7.26.jar:/home/rob/.m2/repository/org/slf4j/log4j-over-slf4j/1.7.26/log4j-over-slf4j-1.7.26.jar:/home/rob/.m2/repository/org/yaml/snakeyaml/1.17/snakeyaml-1.17.jar:/home/rob/.m2/repository/org/springframework/boot/spring-boot-starter-web/1.5.22.RELEASE/spring-boot-starter-web-1.5.22.RELEASE.jar:/home/rob/.m2/repository/org/springframework/boot/spring-boot-starter-tomcat/1.5.22.RELEASE/spring-boot-starter-tomcat-1.5.22.RELEASE.jar:/home/rob/.m2/repository/org/apache/tomcat/embed/tomcat-embed-core/8.5.43/tomcat-embed-core-8.5.43.jar:/home/rob/.m2/repository/org/apache/tomcat/tomcat-annotations-api/8.5.43/tomcat-annotations-api-8.5.43.jar:/home/rob/.m2/repository/org/apache/tomcat/embed/tomcat-embed-el/8.5.43/tomcat-embed-el-8.5.43.jar:/home/rob/.m2/repository/org/apache/tomcat/embed/tomcat-embed-websocket/8.5.43/tomcat-embed-websocket-8.5.43.jar:/home/rob/.m2/repository/org/hibernate/hibernate-validator/5.3.6.Final/hibernate-validator-5.3.6.Final.jar:/home/rob/.m2/repository/javax/validation/validation-api/1.1.0.Final/validation-api-1.1.0.Final.jar:/home/rob/.m2/repository/org/jboss/logging/jboss-logging/3.3.2.Final/jboss-logging-3.3.2.Final.jar:/home/rob/.m2/repository/com/fasterxml/classmate/1.3.4/classmate-1.3.4.jar:/home/rob/.m2/repository/com/fasterxml/jackson/core/jackson-databind/2.8.11.3/jackson-databind-2.8.11.3.jar:/home/rob/.m2/repository/org/springframework/spring-web/4.3.25.RELEASE/spring-web-4.3.25.RELEASE.jar:/home/rob/.m2/repository/org/springframework/spring-aop/4.3.25.RELEASE/spring-aop-4.3.25.RELEASE.jar:/home/rob/.m2/repository/org/springframework/spring-beans/4.3.25.RELEASE/spring-beans-4.3.25.RELEASE.jar:/home/rob/.m2/repository/org/springframework/spring-webmvc/4.3.25.RELEASE/spring-webmvc-4.3.25.RELEASE.jar:/home/rob/.m2/repository/org/springframework/spring-expression/4.3.25.RELEASE/spring-expression-4.3.25.RELEASE.jar:/home/rob/.m2/repository/org/thymeleaf/thymeleaf-spring4/2.1.6.RELEASE/thymeleaf-spring4-2.1.6.RELEASE.jar:/home/rob/.m2/repository/org/thymeleaf/thymeleaf/2.1.6.RELEASE/thymeleaf-2.1.6.RELEASE.jar:/home/rob/.m2/repository/ognl/ognl/3.0.8/ognl-3.0.8.jar:/home/rob/.m2/repository/org/javassist/javassist/3.21.0-GA/javassist-3.21.0-GA.jar:/home/rob/.m2/repository/org/unbescape/unbescape/1.1.0.RELEASE/unbescape-1.1.0.RELEASE.jar:/home/rob/.m2/repository/org/slf4j/slf4j-api/1.7.26/slf4j-api-1.7.26.jar:/home/rob/.m2/repository/nz/net/ultraq/thymeleaf/thymeleaf-layout-dialect/1.4.0/thymeleaf-layout-dialect-1.4.0.jar:/home/rob/.m2/repository/org/codehaus/groovy/groovy/2.4.17/groovy-2.4.17.jar:/home/rob/.m2/repository/org/springframework/boot/spring-boot-starter-actuator/1.5.22.RELEASE/spring-boot-starter-actuator-1.5.22.RELEASE.jar:/home/rob/.m2/repository/org/springframework/boot/spring-boot-actuator/1.5.22.RELEASE/spring-boot-actuator-1.5.22.RELEASE.jar:/home/rob/.m2/repository/org/springframework/spring-context/4.3.25.RELEASE/spring-context-4.3.25.RELEASE.jar:/home/rob/.m2/repository/org/springframework/cloud/spring-cloud-starter-hystrix/1.3.6.RELEASE/spring-cloud-starter-hystrix-1.3.6.RELEASE.jar:/home/rob/.m2/repository/org/springframework/cloud/spring-cloud-starter/1.2.5.RELEASE/spring-cloud-starter-1.2.5.RELEASE.jar:/home/rob/.m2/repository/org/springframework/cloud/spring-cloud-context/1.2.5.RELEASE/spring-cloud-context-1.2.5.RELEASE.jar:/home/rob/.m2/repository/org/springframework/security/spring-security-crypto/4.2.13.RELEASE/spring-security-crypto-4.2.13.RELEASE.jar:/home/rob/.m2/repository/org/springframework/cloud/spring-cloud-commons/1.2.5.RELEASE/spring-cloud-commons-1.2.5.RELEASE.jar:/home/rob/.m2/repository/org/springframework/security/spring-security-rsa/1.0.3.RELEASE/spring-security-rsa-1.0.3.RELEASE.jar:/home/rob/.m2/repository/org/bouncycastle/bcpkix-jdk15on/1.55/bcpkix-jdk15on-1.55.jar:/home/rob/.m2/repository/org/bouncycastle/bcprov-jdk15on/1.55/bcprov-jdk15on-1.55.jar:/home/rob/.m2/repository/org/springframework/cloud/spring-cloud-netflix-core/1.3.6.RELEASE/spring-cloud-netflix-core-1.3.6.RELEASE.jar:/home/rob/.m2/repository/org/springframework/cloud/spring-cloud-starter-archaius/1.3.6.RELEASE/spring-cloud-starter-archaius-1.3.6.RELEASE.jar:/home/rob/.m2/repository/com/netflix/archaius/archaius-core/0.7.4/archaius-core-0.7.4.jar:/home/rob/.m2/repository/com/google/code/findbugs/jsr305/3.0.1/jsr305-3.0.1.jar:/home/rob/.m2/repository/commons-configuration/commons-configuration/1.8/commons-configuration-1.8.jar:/home/rob/.m2/repository/commons-lang/commons-lang/2.6/commons-lang-2.6.jar:/home/rob/.m2/repository/com/fasterxml/jackson/core/jackson-annotations/2.8.0/jackson-annotations-2.8.0.jar:/home/rob/.m2/repository/com/fasterxml/jackson/core/jackson-core/2.8.11/jackson-core-2.8.11.jar:/home/rob/.m2/repository/com/google/guava/guava/18.0/guava-18.0.jar:/home/rob/.m2/repository/com/netflix/hystrix/hystrix-core/1.5.12/hystrix-core-1.5.12.jar:/home/rob/.m2/repository/io/reactivex/rxjava/1.1.10/rxjava-1.1.10.jar:/home/rob/.m2/repository/org/hdrhistogram/HdrHistogram/2.1.9/HdrHistogram-2.1.9.jar:/home/rob/.m2/repository/com/netflix/hystrix/hystrix-metrics-event-stream/1.5.12/hystrix-metrics-event-stream-1.5.12.jar:/home/rob/.m2/repository/com/netflix/hystrix/hystrix-serialization/1.5.12/hystrix-serialization-1.5.12.jar:/home/rob/.m2/repository/com/fasterxml/jackson/module/jackson-module-afterburner/2.8.11/jackson-module-afterburner-2.8.11.jar:/home/rob/.m2/repository/com/netflix/hystrix/hystrix-javanica/1.5.12/hystrix-javanica-1.5.12.jar:/home/rob/.m2/repository/org/apache/commons/commons-lang3/3.1/commons-lang3-3.1.jar:/home/rob/.m2/repository/org/ow2/asm/asm/5.0.4/asm-5.0.4.jar:/home/rob/.m2/repository/org/aspectj/aspectjweaver/1.8.14/aspectjweaver-1.8.14.jar:/home/rob/.m2/repository/org/springframework/cloud/spring-cloud-starter-eureka/1.3.6.RELEASE/spring-cloud-starter-eureka-1.3.6.RELEASE.jar:/home/rob/.m2/repository/org/springframework/cloud/spring-cloud-netflix-eureka-client/1.3.6.RELEASE/spring-cloud-netflix-eureka-client-1.3.6.RELEASE.jar:/home/rob/.m2/repository/com/netflix/eureka/eureka-client/1.6.2/eureka-client-1.6.2.jar:/home/rob/.m2/repository/org/codehaus/jettison/jettison/1.3.7/jettison-1.3.7.jar:/home/rob/.m2/repository/stax/stax-api/1.0.1/stax-api-1.0.1.jar:/home/rob/.m2/repository/com/netflix/netflix-commons/netflix-eventbus/0.3.0/netflix-eventbus-0.3.0.jar:/home/rob/.m2/repository/com/netflix/netflix-commons/netflix-infix/0.3.0/netflix-infix-0.3.0.jar:/home/rob/.m2/repository/commons-jxpath/commons-jxpath/1.3/commons-jxpath-1.3.jar:/home/rob/.m2/repository/joda-time/joda-time/2.9.9/joda-time-2.9.9.jar:/home/rob/.m2/repository/org/antlr/antlr-runtime/3.4/antlr-runtime-3.4.jar:/home/rob/.m2/repository/org/antlr/stringtemplate/3.2.1/stringtemplate-3.2.1.jar:/home/rob/.m2/repository/antlr/antlr/2.7.7/antlr-2.7.7.jar:/home/rob/.m2/repository/com/google/code/gson/gson/2.8.5/gson-2.8.5.jar:/home/rob/.m2/repository/org/apache/commons/commons-math/2.2/commons-math-2.2.jar:/home/rob/.m2/repository/javax/ws/rs/jsr311-api/1.1.1/jsr311-api-1.1.1.jar:/home/rob/.m2/repository/com/netflix/servo/servo-core/0.10.1/servo-core-0.10.1.jar:/home/rob/.m2/repository/com/netflix/servo/servo-internal/0.10.1/servo-internal-0.10.1.jar:/home/rob/.m2/repository/com/sun/jersey/jersey-core/1.19.1/jersey-core-1.19.1.jar:/home/rob/.m2/repository/com/sun/jersey/jersey-client/1.19.1/jersey-client-1.19.1.jar:/home/rob/.m2/repository/com/sun/jersey/contribs/jersey-apache-client4/1.19.1/jersey-apache-client4-1.19.1.jar:/home/rob/.m2/repository/org/apache/httpcomponents/httpclient/4.5.9/httpclient-4.5.9.jar:/home/rob/.m2/repository/org/apache/httpcomponents/httpcore/4.4.11/httpcore-4.4.11.jar:/home/rob/.m2/repository/commons-codec/commons-codec/1.10/commons-codec-1.10.jar:/home/rob/.m2/repository/com/google/inject/guice/4.1.0/guice-4.1.0.jar:/home/rob/.m2/repository/javax/inject/javax.inject/1/javax.inject-1.jar:/home/rob/.m2/repository/aopalliance/aopalliance/1.0/aopalliance-1.0.jar:/home/rob/.m2/repository/com/netflix/eureka/eureka-core/1.6.2/eureka-core-1.6.2.jar:/home/rob/.m2/repository/org/codehaus/woodstox/woodstox-core-asl/4.4.1/woodstox-core-asl-4.4.1.jar:/home/rob/.m2/repository/javax/xml/stream/stax-api/1.0-2/stax-api-1.0-2.jar:/home/rob/.m2/repository/org/codehaus/woodstox/stax2-api/3.1.4/stax2-api-3.1.4.jar:/home/rob/.m2/repository/org/springframework/cloud/spring-cloud-starter-ribbon/1.3.6.RELEASE/spring-cloud-starter-ribbon-1.3.6.RELEASE.jar:/home/rob/.m2/repository/com/netflix/ribbon/ribbon/2.2.2/ribbon-2.2.2.jar:/home/rob/.m2/repository/com/netflix/ribbon/ribbon-transport/2.2.2/ribbon-transport-2.2.2.jar:/home/rob/.m2/repository/io/reactivex/rxnetty-contexts/0.4.9/rxnetty-contexts-0.4.9.jar:/home/rob/.m2/repository/io/reactivex/rxnetty-servo/0.4.9/rxnetty-servo-0.4.9.jar:/home/rob/.m2/repository/io/reactivex/rxnetty/0.4.9/rxnetty-0.4.9.jar:/home/rob/.m2/repository/io/netty/netty-codec-http/4.0.27.Final/netty-codec-http-4.0.27.Final.jar:/home/rob/.m2/repository/io/netty/netty-codec/4.0.27.Final/netty-codec-4.0.27.Final.jar:/home/rob/.m2/repository/io/netty/netty-handler/4.0.27.Final/netty-handler-4.0.27.Final.jar:/home/rob/.m2/repository/io/netty/netty-transport-native-epoll/4.0.27.Final/netty-transport-native-epoll-4.0.27.Final.jar:/home/rob/.m2/repository/io/netty/netty-common/4.0.27.Final/netty-common-4.0.27.Final.jar:/home/rob/.m2/repository/io/netty/netty-buffer/4.0.27.Final/netty-buffer-4.0.27.Final.jar:/home/rob/.m2/repository/io/netty/netty-transport/4.0.27.Final/netty-transport-4.0.27.Final.jar:/home/rob/.m2/repository/com/netflix/ribbon/ribbon-core/2.2.2/ribbon-core-2.2.2.jar:/home/rob/.m2/repository/com/netflix/ribbon/ribbon-httpclient/2.2.2/ribbon-httpclient-2.2.2.jar:/home/rob/.m2/repository/commons-collections/commons-collections/3.2.2/commons-collections-3.2.2.jar:/home/rob/.m2/repository/com/netflix/netflix-commons/netflix-commons-util/0.1.1/netflix-commons-util-0.1.1.jar:/home/rob/.m2/repository/com/netflix/ribbon/ribbon-loadbalancer/2.2.2/ribbon-loadbalancer-2.2.2.jar:/home/rob/.m2/repository/com/netflix/netflix-commons/netflix-statistics/0.1.1/netflix-statistics-0.1.1.jar:/home/rob/.m2/repository/com/netflix/ribbon/ribbon-eureka/2.2.2/ribbon-eureka-2.2.2.jar:/home/rob/.m2/repository/com/thoughtworks/xstream/xstream/1.4.9/xstream-1.4.9.jar:/home/rob/.m2/repository/xmlpull/xmlpull/1.1.3.1/xmlpull-1.1.3.1.jar:/home/rob/.m2/repository/xpp3/xpp3_min/1.1.4c/xpp3_min-1.1.4c.jar:/home/rob/.m2/repository/org/springframework/boot/spring-boot-starter-test/1.5.22.RELEASE/spring-boot-starter-test-1.5.22.RELEASE.jar:/home/rob/.m2/repository/org/springframework/boot/spring-boot-test/1.5.22.RELEASE/spring-boot-test-1.5.22.RELEASE.jar:/home/rob/.m2/repository/org/springframework/boot/spring-boot-test-autoconfigure/1.5.22.RELEASE/spring-boot-test-autoconfigure-1.5.22.RELEASE.jar:/home/rob/.m2/repository/com/jayway/jsonpath/json-path/2.2.0/json-path-2.2.0.jar:/home/rob/.m2/repository/net/minidev/json-smart/2.2.1/json-smart-2.2.1.jar:/home/rob/.m2/repository/net/minidev/accessors-smart/1.1/accessors-smart-1.1.jar:/home/rob/.m2/repository/junit/junit/4.12/junit-4.12.jar:/home/rob/.m2/repository/org/assertj/assertj-core/2.6.0/assertj-core-2.6.0.jar:/home/rob/.m2/repository/org/mockito/mockito-core/1.10.19/mockito-core-1.10.19.jar:/home/rob/.m2/repository/org/objenesis/objenesis/2.1/objenesis-2.1.jar:/home/rob/.m2/repository/org/hamcrest/hamcrest-core/1.3/hamcrest-core-1.3.jar:/home/rob/.m2/repository/org/hamcrest/hamcrest-library/1.3/hamcrest-library-1.3.jar:/home/rob/.m2/repository/org/skyscreamer/jsonassert/1.4.0/jsonassert-1.4.0.jar:/home/rob/.m2/repository/com/vaadin/external/google/android-json/0.0.20131108.vaadin1/android-json-0.0.20131108.vaadin1.jar:/home/rob/.m2/repository/org/springframework/spring-core/4.3.25.RELEASE/spring-core-4.3.25.RELEASE.jar:/home/rob/.m2/repository/org/springframework/spring-test/4.3.25.RELEASE/spring-test-4.3.25.RELEASE.jar:, sun.cpu.endian=little, user.home=/home/rob, user.language=en, java.specification.vendor=Oracle Corporation, java.version.date=2024-04-16, java.home=/usr/lib/jvm/java-21-openjdk-amd64, file.separator=/, basedir=/home/rob/Desktop/Docker-K8S-JavaApp/shopfront, java.vm.compressedOopsMode=Zero based, line.separator=
, java.vm.specification.vendor=Oracle Corporation, java.specification.name=Java Platform API Specification, surefire.real.class.path=/home/rob/Desktop/Docker-K8S-JavaApp/shopfront/target/surefire/surefirebooter5127274410701390045.jar, sun.management.compiler=HotSpot 64-Bit Tiered Compilers, java.runtime.version=21.0.3+9-Ubuntu-1ubuntu1, user.name=rob, stdout.encoding=UTF-8, path.separator=:, os.version=6.8.0-36-generic, java.runtime.name=OpenJDK Runtime Environment, file.encoding=UTF-8, java.vm.name=OpenJDK 64-Bit Server VM, localRepository=/home/rob/.m2/repository, java.vendor.url.bug=https://bugs.launchpad.net/ubuntu/+source/openjdk-21, java.io.tmpdir=/tmp, java.version=21.0.3, user.dir=/home/rob/Desktop/Docker-K8S-JavaApp/shopfront, os.arch=amd64, java.vm.specification.name=Java Virtual Machine Specification, native.encoding=UTF-8, java.library.path=/usr/java/packages/lib:/usr/lib/x86_64-linux-gnu/jni:/lib/x86_64-linux-gnu:/usr/lib/x86_64-linux-gnu:/usr/lib/jni:/lib:/usr/lib, java.vm.info=mixed mode, sharing, stderr.encoding=UTF-8, java.vendor=Ubuntu, java.vm.version=21.0.3+9-Ubuntu-1ubuntu1, sun.io.unicode.encoding=UnicodeLittle, java.class.version=65.0}}, SystemEnvironmentPropertySource@204684384 {name='systemEnvironment', properties={GSM_SKIP_SSH_AGENT_WORKAROUND=true, GNOME_SHELL_SESSION_MODE=ubuntu, PATH=/usr/local/sbin:/usr/local/bin:/usr/sbin:/usr/bin:/sbin:/bin:/usr/games:/usr/local/games:/snap/bin:/snap/bin, LESSCLOSE=/usr/bin/lesspipe %s %s, XDG_MENU_PREFIX=gnome-, LOGNAME=rob, LS_COLORS=rs=0:di=01;34:ln=01;36:mh=00:pi=40;33:so=01;35:do=01;35:bd=40;33;01:cd=40;33;01:or=40;31;01:mi=00:su=37;41:sg=30;43:ca=00:tw=30;42:ow=34;42:st=37;44:ex=01;32:*.tar=01;31:*.tgz=01;31:*.arc=01;31:*.arj=01;31:*.taz=01;31:*.lha=01;31:*.lz4=01;31:*.lzh=01;31:*.lzma=01;31:*.tlz=01;31:*.txz=01;31:*.tzo=01;31:*.t7z=01;31:*.zip=01;31:*.z=01;31:*.dz=01;31:*.gz=01;31:*.lrz=01;31:*.lz=01;31:*.lzo=01;31:*.xz=01;31:*.zst=01;31:*.tzst=01;31:*.bz2=01;31:*.bz=01;31:*.tbz=01;31:*.tbz2=01;31:*.tz=01;31:*.deb=01;31:*.rpm=01;31:*.jar=01;31:*.war=01;31:*.ear=01;31:*.sar=01;31:*.rar=01;31:*.alz=01;31:*.ace=01;31:*.zoo=01;31:*.cpio=01;31:*.7z=01;31:*.rz=01;31:*.cab=01;31:*.wim=01;31:*.swm=01;31:*.dwm=01;31:*.esd=01;31:*.avif=01;35:*.jpg=01;35:*.jpeg=01;35:*.mjpg=01;35:*.mjpeg=01;35:*.gif=01;35:*.bmp=01;35:*.pbm=01;35:*.pgm=01;35:*.ppm=01;35:*.tga=01;35:*.xbm=01;35:*.xpm=01;35:*.tif=01;35:*.tiff=01;35:*.png=01;35:*.svg=01;35:*.svgz=01;35:*.mng=01;35:*.pcx=01;35:*.mov=01;35:*.mpg=01;35:*.mpeg=01;35:*.m2v=01;35:*.mkv=01;35:*.webm=01;35:*.webp=01;35:*.ogm=01;35:*.mp4=01;35:*.m4v=01;35:*.mp4v=01;35:*.vob=01;35:*.qt=01;35:*.nuv=01;35:*.wmv=01;35:*.asf=01;35:*.rm=01;35:*.rmvb=01;35:*.flc=01;35:*.avi=01;35:*.fli=01;35:*.flv=01;35:*.gl=01;35:*.dl=01;35:*.xcf=01;35:*.xwd=01;35:*.yuv=01;35:*.cgm=01;35:*.emf=01;35:*.ogv=01;35:*.ogx=01;35:*.aac=00;36:*.au=00;36:*.flac=00;36:*.m4a=00;36:*.mid=00;36:*.midi=00;36:*.mka=00;36:*.mp3=00;36:*.mpc=00;36:*.ogg=00;36:*.ra=00;36:*.wav=00;36:*.oga=00;36:*.opus=00;36:*.spx=00;36:*.xspf=00;36:*~=00;90:*#=00;90:*.bak=00;90:*.crdownload=00;90:*.dpkg-dist=00;90:*.dpkg-new=00;90:*.dpkg-old=00;90:*.dpkg-tmp=00;90:*.old=00;90:*.orig=00;90:*.part=00;90:*.rej=00;90:*.rpmnew=00;90:*.rpmorig=00;90:*.rpmsave=00;90:*.swp=00;90:*.tmp=00;90:*.ucf-dist=00;90:*.ucf-new=00;90:*.ucf-old=00;90:, XDG_CONFIG_DIRS=/etc/xdg/xdg-ubuntu:/etc/xdg, MAVEN_CMD_LINE_ARGS= clean install, WAYLAND_DISPLAY=wayland-0, XAUTHORITY=/run/user/1000/.mutter-Xwaylandauth.LDJZP2, XMODIFIERS=@im=ibus, QT_ACCESSIBILITY=1, XDG_SESSION_DESKTOP=ubuntu, DBUS_SESSION_BUS_ADDRESS=unix:path=/run/user/1000/bus, GNOME_SETUP_DISPLAY=:1, USERNAME=rob, SHLVL=1, XDG_DATA_DIRS=/usr/share/ubuntu:/usr/share/gnome:/usr/local/share/:/usr/share/:/var/lib/snapd/desktop, SHELL=/bin/bash, GNOME_TERMINAL_SCREEN=/org/gnome/Terminal/screen/1c596de7_16a8_41e1_9b45_c81954b41a14, SESSION_MANAGER=local/rob-VirtualBox:@/tmp/.ICE-unix/2325,unix/rob-VirtualBox:/tmp/.ICE-unix/2325, XDG_SESSION_CLASS=user, COLORTERM=truecolor, GTK_MODULES=gail:atk-bridge, MAVEN_PROJECTBASEDIR=/home/rob/Desktop/Docker-K8S-JavaApp/shopfront, DISPLAY=:0, HOME=/home/rob, MEMORY_PRESSURE_WATCH=/sys/fs/cgroup/user.slice/user-1000.slice/user@1000.service/session.slice/org.gnome.SettingsDaemon.MediaKeys.service/memory.pressure, XDG_CURRENT_DESKTOP=ubuntu:GNOME, DEBUGINFOD_URLS=https://debuginfod.ubuntu.com , TERM=xterm-256color, QT_IM_MODULE=ibus, GNOME_TERMINAL_SERVICE=:1.109, LANG=en_US.UTF-8, GDMSESSION=ubuntu, LESSOPEN=| /usr/bin/lesspipe %s, GNOME_DESKTOP_SESSION_ID=this-is-deprecated, GNOME_KEYRING_CONTROL=/run/u
[...]
	at java.base/java.util.concurrent.FutureTask.run(FutureTask.java:317) ~[na:na]
	at org.springframework.cglib.core.internal.LoadingCache.createEntry(LoadingCache.java:61) ~[spring-core-4.3.25.RELEASE.jar:4.3.25.RELEASE]
	at org.springframework.cglib.core.internal.LoadingCache.get(LoadingCache.java:34) ~[spring-core-4.3.25.RELEASE.jar:4.3.25.RELEASE]
	at org.springframework.cglib.core.AbstractClassGenerator$ClassLoaderData.get(AbstractClassGenerator.java:116) ~[spring-core-4.3.25.RELEASE.jar:4.3.25.RELEASE]
	at org.springframework.cglib.core.AbstractClassGenerator.create(AbstractClassGenerator.java:291) ~[spring-core-4.3.25.RELEASE.jar:4.3.25.RELEASE]
	at org.springframework.cglib.core.KeyFactory$Generator.create(KeyFactory.java:221) ~[spring-core-4.3.25.RELEASE.jar:4.3.25.RELEASE]
	at org.springframework.cglib.core.KeyFactory.create(KeyFactory.java:174) ~[spring-core-4.3.25.RELEASE.jar:4.3.25.RELEASE]
	at org.springframework.cglib.core.KeyFactory.create(KeyFactory.java:153) ~[spring-core-4.3.25.RELEASE.jar:4.3.25.RELEASE]
	at org.springframework.cglib.proxy.Enhancer.<clinit>(Enhancer.java:73) ~[spring-core-4.3.25.RELEASE.jar:4.3.25.RELEASE]
	at org.springframework.context.annotation.ConfigurationClassEnhancer.newEnhancer(ConfigurationClassEnhancer.java:122) ~[spring-context-4.3.25.RELEASE.jar:4.3.25.RELEASE]
	at org.springframework.context.annotation.ConfigurationClassEnhancer.enhance(ConfigurationClassEnhancer.java:110) ~[spring-context-4.3.25.RELEASE.jar:4.3.25.RELEASE]
	at org.springframework.context.annotation.ConfigurationClassPostProcessor.enhanceConfigurationClasses(ConfigurationClassPostProcessor.java:394) ~[spring-context-4.3.25.RELEASE.jar:4.3.25.RELEASE]
	at org.springframework.context.annotation.ConfigurationClassPostProcessor.postProcessBeanFactory(ConfigurationClassPostProcessor.java:249) ~[spring-context-4.3.25.RELEASE.jar:4.3.25.RELEASE]
	at org.springframework.context.support.PostProcessorRegistrationDelegate.invokeBeanFactoryPostProcessors(PostProcessorRegistrationDelegate.java:283) ~[spring-context-4.3.25.RELEASE.jar:4.3.25.RELEASE]
	at org.springframework.context.support.PostProcessorRegistrationDelegate.invokeBeanFactoryPostProcessors(PostProcessorRegistrationDelegate.java:127) ~[spring-context-4.3.25.RELEASE.jar:4.3.25.RELEASE]
	at org.springframework.context.support.AbstractApplicationContext.invokeBeanFactoryPostProcessors(AbstractApplicationContext.java:687) ~[spring-context-4.3.25.RELEASE.jar:4.3.25.RELEASE]
	at org.springframework.context.support.AbstractApplicationContext.refresh(AbstractApplicationContext.java:524) ~[spring-context-4.3.25.RELEASE.jar:4.3.25.RELEASE]
	at org.springframework.boot.SpringApplication.refresh(SpringApplication.java:666) ~[spring-boot-1.5.22.RELEASE.jar:1.5.22.RELEASE]
	at org.springframework.boot.SpringApplication.refreshContext(SpringApplication.java:353) ~[spring-boot-1.5.22.RELEASE.jar:1.5.22.RELEASE]
	at org.springframework.boot.SpringApplication.run(SpringApplication.java:300) ~[spring-boot-1.5.22.RELEASE.jar:1.5.22.RELEASE]
	at org.springframework.boot.builder.SpringApplicationBuilder.run(SpringApplicationBuilder.java:135) ~[spring-boot-1.5.22.RELEASE.jar:1.5.22.RELEASE]
	at org.springframework.cloud.bootstrap.BootstrapApplicationListener.bootstrapServiceContext(BootstrapApplicationListener.java:175) ~[spring-cloud-context-1.2.5.RELEASE.jar:1.2.5.RELEASE]
	at org.springframework.cloud.bootstrap.BootstrapApplicationListener.onApplicationEvent(BootstrapApplicationListener.java:98) ~[spring-cloud-context-1.2.5.RELEASE.jar:1.2.5.RELEASE]
	at org.springframework.cloud.bootstrap.BootstrapApplicationListener.onApplicationEvent(BootstrapApplicationListener.java:64) ~[spring-cloud-context-1.2.5.RELEASE.jar:1.2.5.RELEASE]
	at org.springframework.context.event.SimpleApplicationEventMulticaster.doInvokeListener(SimpleApplicationEventMulticaster.java:172) ~[spring-context-4.3.25.RELEASE.jar:4.3.25.RELEASE]
	at org.springframework.context.event.SimpleApplicationEventMulticaster.invokeListener(SimpleApplicationEventMulticaster.java:165) ~[spring-context-4.3.25.RELEASE.jar:4.3.25.RELEASE]
	at org.springframework.context.event.SimpleApplicationEventMulticaster.multicastEvent(SimpleApplicationEventMulticaster.java:139) ~[spring-context-4.3.25.RELEASE.jar:4.3.25.RELEASE]
	at org.springframework.context.event.SimpleApplicationEventMulticaster.multicastEvent(SimpleApplicationEventMulticaster.java:122) ~[spring-context-4.3.25.RELEASE.jar:4.3.25.RELEASE]
	at org.springframework.boot.context.event.EventPublishingRunListener.environmentPrepared(EventPublishingRunListener.java:75) ~[spring-boot-1.5.22.RELEASE.jar:1.5.22.RELEASE]
	at org.springframework.boot.SpringApplicationRunListeners.environmentPrepared(SpringApplicationRunListeners.java:53) ~[spring-boot-1.5.22.RELEASE.jar:1.5.22.RELEASE]
	at org.springframework.boot.SpringApplication.prepareEnvironment(SpringApplication.java:320) ~[spring-boot-1.5.22.RELEASE.jar:1.5.22.RELEASE]
	at org.springframework.boot.SpringApplication.run(SpringApplication.java:295) ~[spring-boot-1.5.22.RELEASE.jar:1.5.22.RELEASE]
	at org.springframework.boot.test.context.SpringBootContextLoader.loadContext(SpringBootContextLoader.java:118) ~[spring-boot-test-1.5.22.RELEASE.jar:1.5.22.RELEASE]
	at org.springframework.test.context.cache.DefaultCacheAwareContextLoaderDelegate.loadContextInternal(DefaultCacheAwareContextLoaderDelegate.java:98) ~[spring-test-4.3.25.RELEASE.jar:4.3.25.RELEASE]
	at org.springframework.test.context.cache.DefaultCacheAwareContextLoaderDelegate.loadContext(DefaultCacheAwareContextLoaderDelegate.java:116) ~[spring-test-4.3.25.RELEASE.jar:4.3.25.RELEASE]
	at org.springframework.test.context.support.DefaultTestContext.getApplicationContext(DefaultTestContext.java:83) ~[spring-test-4.3.25.RELEASE.jar:4.3.25.RELEASE]
	at org.springframework.test.context.support.DependencyInjectionTestExecutionListener.injectDependencies(DependencyInjectionTestExecutionListener.java:117) ~[spring-test-4.3.25.RELEASE.jar:4.3.25.RELEASE]
	at org.springframework.test.context.support.DependencyInjectionTestExecutionListener.prepareTestInstance(DependencyInjectionTestExecutionListener.java:83) ~[spring-test-4.3.25.RELEASE.jar:4.3.25.RELEASE]
	at org.springframework.boot.test.autoconfigure.SpringBootDependencyInjectionTestExecutionListener.prepareTestInstance(SpringBootDependencyInjectionTestExecutionListener.java:43) ~[spring-boot-test-autoconfigure-1.5.22.RELEASE.jar:1.5.22.RELEASE]
	... 23 common frames omitted

2024-06-29 06:42:08.802 ERROR 85127 --- [           main] o.s.test.context.TestContextManager      : Caught exception while allowing TestExecutionListener [org.springframework.boot.test.autoconfigure.SpringBootDependencyInjectionTestExecutionListener@4f6ee6e4] to prepare test instance [uk.co.danielbryant.djshopping.shopfront.ShopfrontApplicationTests@131774fe]

java.lang.IllegalStateException: Failed to load ApplicationContext
	at org.springframework.test.context.cache.DefaultCacheAwareContextLoaderDelegate.loadContext(DefaultCacheAwareContextLoaderDelegate.java:124) ~[spring-test-4.3.25.RELEASE.jar:4.3.25.RELEASE]
	at org.springframework.test.context.support.DefaultTestContext.getApplicationContext(DefaultTestContext.java:83) ~[spring-test-4.3.25.RELEASE.jar:4.3.25.RELEASE]
	at org.springframework.test.context.support.DependencyInjectionTestExecutionListener.injectDependencies(DependencyInjectionTestExecutionListener.java:117) ~[spring-test-4.3.25.RELEASE.jar:4.3.25.RELEASE]
	at org.springframework.test.context.support.DependencyInjectionTestExecutionListener.prepareTestInstance(DependencyInjectionTestExecutionListener.java:83) ~[spring-test-4.3.25.RELEASE.jar:4.3.25.RELEASE]
	at org.springframework.boot.test.autoconfigure.SpringBootDependencyInjectionTestExecutionListener.prepareTestInstance(SpringBootDependencyInjectionTestExecutionListener.java:43) ~[spring-boot-test-autoconfigure-1.5.22.RELEASE.jar:1.5.22.RELEASE]
	at org.springframework.test.context.TestContextManager.prepareTestInstance(TestContextManager.java:230) ~[spring-test-4.3.25.RELEASE.jar:4.3.25.RELEASE]
	at org.springframework.test.context.junit4.SpringJUnit4ClassRunner.createTest(SpringJUnit4ClassRunner.java:228) ~[spring-test-4.3.25.RELEASE.jar:4.3.25.RELEASE]
	at org.springframework.test.context.junit4.SpringJUnit4ClassRunner$1.runReflectiveCall(SpringJUnit4ClassRunner.java:287) ~[spring-test-4.3.25.RELEASE.jar:4.3.25.RELEASE]
	at org.junit.internal.runners.model.ReflectiveCallable.run(ReflectiveCallable.java:12) ~[junit-4.12.jar:4.12]
	at org.springframework.test.context.junit4.SpringJUnit4ClassRunner.methodBlock(SpringJUnit4ClassRunner.java:289) ~[spring-test-4.3.25.RELEASE.jar:4.3.25.RELEASE]
	at org.springframework.test.context.junit4.SpringJUnit4ClassRunner.runChild(SpringJUnit4ClassRunner.java:247) ~[spring-test-4.3.25.RELEASE.jar:4.3.25.RELEASE]
	at org.springframework.test.context.junit4.SpringJUnit4ClassRunner.runChild(SpringJUnit4ClassRunner.java:94) ~[spring-test-4.3.25.RELEASE.jar:4.3.25.RELEASE]
	at org.junit.runners.ParentRunner$3.run(ParentRunner.java:290) ~[junit-4.12.jar:4.12]
	at org.junit.runners.ParentRunner$1.schedule(ParentRunner.java:71) ~[junit-4.12.jar:4.12]
	at org.junit.runners.ParentRunner.runChildren(ParentRunner.java:288) ~[junit-4.12.jar:4.12]
	at org.junit.runners.ParentRunner.access$000(ParentRunner.java:58) ~[junit-4.12.jar:4.12]
	at org.junit.runners.ParentRunner$2.evaluate(ParentRunner.java:268) ~[junit-4.12.jar:4.12]
	at org.springframework.test.context.junit4.statements.RunBeforeTestClassCallbacks.evaluate(RunBeforeTestClassCallbacks.java:61) ~[spring-test-4.3.25.RELEASE.jar:4.3.25.RELEASE]
	at org.springframework.test.context.junit4.statements.RunAfterTestClassCallbacks.evaluate(RunAfterTestClassCallbacks.java:70) ~[spring-test-4.3.25.RELEASE.jar:4.3.25.RELEASE]
	at org.junit.runners.ParentRunner.run(ParentRunner.java:363) ~[junit-4.12.jar:4.12]
	at org.springframework.test.context.junit4.SpringJUnit4ClassRunner.run(SpringJUnit4ClassRunner.java:191) ~[spring-test-4.3.25.RELEASE.jar:4.3.25.RELEASE]
	at org.apache.maven.surefire.junit4.JUnit4Provider.execute(JUnit4Provider.java:283) ~[surefire-junit4-2.18.1.jar:2.18.1]
	at org.apache.maven.surefire.junit4.JUnit4Provider.executeWithRerun(JUnit4Provider.java:173) ~[surefire-junit4-2.18.1.jar:2.18.1]
	at org.apache.maven.surefire.junit4.JUnit4Provider.executeTestSet(JUnit4Provider.java:153) ~[surefire-junit4-2.18.1.jar:2.18.1]
	at org.apache.maven.surefire.junit4.JUnit4Provider.invoke(JUnit4Provider.java:128) ~[surefire-junit4-2.18.1.jar:2.18.1]
	at org.apache.maven.surefire.booter.ForkedBooter.invokeProviderInSameClassLoader(ForkedBooter.java:203) ~[surefire-booter-2.18.1.jar:2.18.1]
	at org.apache.maven.surefire.booter.ForkedBooter.runSuitesInProcess(ForkedBooter.java:155) ~[surefire-booter-2.18.1.jar:2.18.1]
	at org.apache.maven.surefire.booter.ForkedBooter.main(ForkedBooter.java:103) ~[surefire-booter-2.18.1.jar:2.18.1]
Caused by: java.lang.IllegalStateException: Cannot load configuration class: org.springframework.cloud.bootstrap.config.PropertySourceBootstrapConfiguration
	at org.springframework.context.annotation.ConfigurationClassPostProcessor.enhanceConfigurationClasses(ConfigurationClassPostProcessor.java:404) ~[spring-context-4.3.25.RELEASE.jar:4.3.25.RELEASE]
	at org.springframework.context.annotation.ConfigurationClassPostProcessor.postProcessBeanFactory(ConfigurationClassPostProcessor.java:249) ~[spring-context-4.3.25.RELEASE.jar:4.3.25.RELEASE]
	at org.springframework.context.support.PostProcessorRegistrationDelegate.invokeBeanFactoryPostProcessors(PostProcessorRegistrationDelegate.java:283) ~[spring-context-4.3.25.RELEASE.jar:4.3.25.RELEASE]
	at org.springframework.context.support.PostProcessorRegistrationDelegate.invokeBeanFactoryPostProcessors(PostProcessorRegistrationDelegate.java:127) ~[spring-context-4.3.25.RELEASE.jar:4.3.25.RELEASE]
	at org.springframework.context.support.AbstractApplicationContext.invokeBeanFactoryPostProcessors(AbstractApplicationContext.java:687) ~[spring-context-4.3.25.RELEASE.jar:4.3.25.RELEASE]
	at org.springframework.context.support.AbstractApplicationContext.refresh(AbstractApplicationContext.java:524) ~[spring-context-4.3.25.RELEASE.jar:4.3.25.RELEASE]
	at org.springframework.boot.SpringApplication.refresh(SpringApplication.java:666) ~[spring-boot-1.5.22.RELEASE.jar:1.5.22.RELEASE]
	at org.springframework.boot.SpringApplication.refreshContext(SpringApplication.java:353) ~[spring-boot-1.5.22.RELEASE.jar:1.5.22.RELEASE]
	at org.springframework.boot.SpringApplication.run(SpringApplication.java:300) ~[spring-boot-1.5.22.RELEASE.jar:1.5.22.RELEASE]
	at org.springframework.boot.builder.SpringApplicationBuilder.run(SpringApplicationBuilder.java:135) ~[spring-boot-1.5.22.RELEASE.jar:1.5.22.RELEASE]
	at org.springframework.cloud.bootstrap.BootstrapApplicationListener.bootstrapServiceContext(BootstrapApplicationListener.java:175) ~[spring-cloud-context-1.2.5.RELEASE.jar:1.2.5.RELEASE]
	at org.springframework.cloud.bootstrap.BootstrapApplicationListener.onApplicationEvent(BootstrapApplicationListener.java:98) ~[spring-cloud-context-1.2.5.RELEASE.jar:1.2.5.RELEASE]
	at org.springframework.cloud.bootstrap.BootstrapApplicationListener.onApplicationEvent(BootstrapApplicationListener.java:64) ~[spring-cloud-context-1.2.5.RELEASE.jar:1.2.5.RELEASE]
	at org.springframework.context.event.SimpleApplicationEventMulticaster.doInvokeListener(SimpleApplicationEventMulticaster.java:172) ~[spring-context-4.3.25.RELEASE.jar:4.3.25.RELEASE]
	at org.springframework.context.event.SimpleApplicationEventMulticaster.invokeListener(SimpleApplicationEventMulticaster.java:165) ~[spring-context-4.3.25.RELEASE.jar:4.3.25.RELEASE]
	at org.springframework.context.event.SimpleApplicationEventMulticaster.multicastEvent(SimpleApplicationEventMulticaster.java:139) ~[spring-context-4.3.25.RELEASE.jar:4.3.25.RELEASE]
	at org.springframework.context.event.SimpleApplicationEventMulticaster.multicastEvent(SimpleApplicationEventMulticaster.java:122) ~[spring-context-4.3.25.RELEASE.jar:4.3.25.RELEASE]
	at org.springframework.boot.context.event.EventPublishingRunListener.environmentPrepared(EventPublishingRunListener.java:75) ~[spring-boot-1.5.22.RELEASE.jar:1.5.22.RELEASE]
	at org.springframework.boot.SpringApplicationRunListeners.environmentPrepared(SpringApplicationRunListeners.java:53) ~[spring-boot-1.5.22.RELEASE.jar:1.5.22.RELEASE]
	at org.springframework.boot.SpringApplication.prepareEnvironment(SpringApplication.java:320) ~[spring-boot-1.5.22.RELEASE.jar:1.5.22.RELEASE]
	at org.springframework.boot.SpringApplication.run(SpringApplication.java:295) ~[spring-boot-1.5.22.RELEASE.jar:1.5.22.RELEASE]
	at org.springframework.boot.test.context.SpringBootContextLoader.loadContext(SpringBootContextLoader.java:118) ~[spring-boot-test-1.5.22.RELEASE.jar:1.5.22.RELEASE]
	at org.springframework.test.context.cache.DefaultCacheAwareContextLoaderDelegate.loadContextInternal(DefaultCacheAwareContextLoaderDelegate.java:98) ~[spring-test-4.3.25.RELEASE.jar:4.3.25.RELEASE]
	at org.springframework.test.context.cache.DefaultCacheAwareContextLoaderDelegate.loadContext(DefaultCacheAwareContextLoaderDelegate.java:116) ~[spring-test-4.3.25.RELEASE.jar:4.3.25.RELEASE]
	... 27 common frames omitted
Caused by: java.lang.ExceptionInInitializerError: null
	at org.springframework.context.annotation.ConfigurationClassEnhancer.newEnhancer(ConfigurationClassEnhancer.java:122) ~[spring-context-4.3.25.RELEASE.jar:4.3.25.RELEASE]
	at org.springframework.context.annotation.ConfigurationClassEnhancer.enhance(ConfigurationClassEnhancer.java:110) ~[spring-context-4.3.25.RELEASE.jar:4.3.25.RELEASE]
	at org.springframework.context.annotation.ConfigurationClassPostProcessor.enhanceConfigurationClasses(ConfigurationClassPostProcessor.java:394) ~[spring-context-4.3.25.RELEASE.jar:4.3.25.RELEASE]
	... 50 common frames omitted
Caused by: org.springframework.cglib.core.CodeGenerationException: java.lang.reflect.InaccessibleObjectException-->Unable to make protected final java.lang.Class java.lang.ClassLoader.defineClass(java.lang.String,byte[],int,int,java.security.ProtectionDomain) throws java.lang.ClassFormatError accessible: module java.base does not "opens java.lang" to unnamed module @6ce2b319
	at org.springframework.cglib.core.ReflectUtils.defineClass(ReflectUtils.java:464) ~[spring-core-4.3.25.RELEASE.jar:4.3.25.RELEASE]
	at org.springframework.cglib.core.AbstractClassGenerator.generate(AbstractClassGenerator.java:336) ~[spring-core-4.3.25.RELEASE.jar:4.3.25.RELEASE]
	at org.springframework.cglib.core.AbstractClassGenerator$ClassLoaderData$3.apply(AbstractClassGenerator.java:93) ~[spring-core-4.3.25.RELEASE.jar:4.3.25.RELEASE]
	at org.springframework.cglib.core.AbstractClassGenerator$ClassLoaderData$3.apply(AbstractClassGenerator.java:91) ~[spring-core-4.3.25.RELEASE.jar:4.3.25.RELEASE]
	at org.springframework.cglib.core.internal.LoadingCache$2.call(LoadingCache.java:54) ~[spring-core-4.3.25.RELEASE.jar:4.3.25.RELEASE]
	at java.base/java.util.concurrent.FutureTask.run(FutureTask.java:317) ~[na:na]
	at org.springframework.cglib.core.internal.LoadingCache.createEntry(LoadingCache.java:61) ~[spring-core-4.3.25.RELEASE.jar:4.3.25.RELEASE]
	at org.springframework.cglib.core.internal.LoadingCache.get(LoadingCache.java:34) ~[spring-core-4.3.25.RELEASE.jar:4.3.25.RELEASE]
	at org.springframework.cglib.core.AbstractClassGenerator$ClassLoaderData.get(AbstractClassGenerator.java:116) ~[spring-core-4.3.25.RELEASE.jar:4.3.25.RELEASE]
	at org.springframework.cglib.core.AbstractClassGenerator.create(AbstractClassGenerator.java:291) ~[spring-core-4.3.25.RELEASE.jar:4.3.25.RELEASE]
	at org.springframework.cglib.core.KeyFactory$Generator.create(KeyFactory.java:221) ~[spring-core-4.3.25.RELEASE.jar:4.3.25.RELEASE]
	at org.springframework.cglib.core.KeyFactory.create(KeyFactory.java:174) ~[spring-core-4.3.25.RELEASE.jar:4.3.25.RELEASE]
	at org.springframework.cglib.core.KeyFactory.create(KeyFactory.java:153) ~[spring-core-4.3.25.RELEASE.jar:4.3.25.RELEASE]
	at org.springframework.cglib.proxy.Enhancer.<clinit>(Enhancer.java:73) ~[spring-core-4.3.25.RELEASE.jar:4.3.25.RELEASE]
	... 53 common frames omitted
Caused by: java.lang.reflect.InaccessibleObjectException: Unable to make protected final java.lang.Class java.lang.ClassLoader.defineClass(java.lang.String,byte[],int,int,java.security.ProtectionDomain) throws java.lang.ClassFormatError accessible: module java.base does not "opens java.lang" to unnamed module @6ce2b319
	at java.base/java.lang.reflect.AccessibleObject.throwInaccessibleObjectException(AccessibleObject.java:391) ~[na:na]
	at java.base/java.lang.reflect.AccessibleObject.checkCanSetAccessible(AccessibleObject.java:367) ~[na:na]
	at java.base/java.lang.reflect.AccessibleObject.checkCanSetAccessible(AccessibleObject.java:315) ~[na:na]
	at java.base/java.lang.reflect.Method.checkCanSetAccessible(Method.java:203) ~[na:na]
	at java.base/java.lang.reflect.Method.setAccessible(Method.java:197) ~[na:na]
	at org.springframework.cglib.core.ReflectUtils$1.run(ReflectUtils.java:61) ~[spring-core-4.3.25.RELEASE.jar:4.3.25.RELEASE]
	at java.base/java.security.AccessController.doPrivileged(AccessController.java:571) ~[na:na]
	at org.springframework.cglib.core.ReflectUtils.<clinit>(ReflectUtils.java:52) ~[spring-core-4.3.25.RELEASE.jar:4.3.25.RELEASE]
	at org.springframework.cglib.core.KeyFactory$Generator.generateClass(KeyFactory.java:243) ~[spring-core-4.3.25.RELEASE.jar:4.3.25.RELEASE]
	at org.springframework.cglib.core.DefaultGeneratorStrategy.generate(DefaultGeneratorStrategy.java:25) ~[spring-core-4.3.25.RELEASE.jar:4.3.25.RELEASE]
	at org.springframework.cglib.core.AbstractClassGenerator.generate(AbstractClassGenerator.java:329) ~[spring-core-4.3.25.RELEASE.jar:4.3.25.RELEASE]
	... 65 common frames omitted

]]></system-out>
  </testcase>
</testsuite>