<?xml version="1.0" encoding="UTF-8"?>
<testsuite xmlns:xsi="http://www.w3.org/2001/XMLSchema-instance" xsi:noNamespaceSchemaLocation="https://maven.apache.org/surefire/maven-surefire-plugin/xsd/surefire-test-report.xsd" name="functional.FunctionalTests" time="3.416" tests="10" errors="6" skipped="4" failures="0">
  <properties>
[...]
</properties>
  <testcase name="Given the application has been initialised with test data" classname="functional.FunctionalTests" time="0.005">
    <error type="java.lang.ExceptionInInitializerError">java.lang.ExceptionInInitializerError
Caused by: java.lang.reflect.InaccessibleObjectException: Unable to make field private final java.util.Comparator java.util.TreeMap.comparator accessible: module java.base does not "opens java.util" to unnamed module @6ce2b319
</error>
    <system-out><![CDATA[06:42:34.305 [main] DEBUG org.springframework.test.context.junit4.SpringJUnit4ClassRunner - SpringJUnit4ClassRunner constructor called with [class uk.co.danielbryant.djshopping.stockmanager.ShopfrontApplicationTests]
06:42:34.307 [main] DEBUG org.springframework.test.context.BootstrapUtils - Instantiating CacheAwareContextLoaderDelegate from class [org.springframework.test.context.cache.DefaultCacheAwareContextLoaderDelegate]
06:42:34.313 [main] DEBUG org.springframework.test.context.BootstrapUtils - Instantiating BootstrapContext using constructor [public org.springframework.test.context.support.DefaultBootstrapContext(java.lang.Class,org.springframework.test.context.CacheAwareContextLoaderDelegate)]
06:42:34.342 [main] DEBUG org.springframework.test.context.BootstrapUtils - Instantiating TestContextBootstrapper for test class [uk.co.danielbryant.djshopping.stockmanager.ShopfrontApplicationTests] from class [org.springframework.boot.test.context.SpringBootTestContextBootstrapper]
06:42:34.353 [main] INFO org.springframework.boot.test.context.SpringBootTestContextBootstrapper - Neither @ContextConfiguration nor @ContextHierarchy found for test class [uk.co.danielbryant.djshopping.stockmanager.ShopfrontApplicationTests], using SpringBootContextLoader
06:42:34.355 [main] DEBUG org.springframework.test.context.support.AbstractContextLoader - Did not detect default resource location for test class [uk.co.danielbryant.djshopping.stockmanager.ShopfrontApplicationTests]: class path resource [uk/co/danielbryant/djshopping/stockmanager/ShopfrontApplicationTests-context.xml] does not exist
06:42:34.356 [main] DEBUG org.springframework.test.context.support.AbstractContextLoader - Did not detect default resource location for test class [uk.co.danielbryant.djshopping.stockmanager.ShopfrontApplicationTests]: class path resource [uk/co/danielbryant/djshopping/stockmanager/ShopfrontApplicationTestsContext.groovy] does not exist
06:42:34.356 [main] INFO org.springframework.test.context.support.AbstractContextLoader - Could not detect default resource locations for test class [uk.co.danielbryant.djshopping.stockmanager.ShopfrontApplicationTests]: no resource found for suffixes {-context.xml, Context.groovy}.
06:42:34.386 [main] DEBUG org.springframework.test.context.support.ActiveProfilesUtils - Could not find an 'annotation declaring class' for annotation type [org.springframework.test.context.ActiveProfiles] and class [uk.co.danielbryant.djshopping.stockmanager.ShopfrontApplicationTests]
06:42:34.457 [main] DEBUG org.springframework.boot.test.context.SpringBootTestContextBootstrapper - @TestExecutionListeners is not present for class [uk.co.danielbryant.djshopping.stockmanager.ShopfrontApplicationTests]: using defaults.
06:42:34.457 [main] INFO org.springframework.boot.test.context.SpringBootTestContextBootstrapper - Loaded default TestExecutionListener class names from location [META-INF/spring.factories]: [org.springframework.boot.test.mock.mockito.MockitoTestExecutionListener, org.springframework.boot.test.mock.mockito.ResetMocksTestExecutionListener, org.springframework.boot.test.autoconfigure.restdocs.RestDocsTestExecutionListener, org.springframework.boot.test.autoconfigure.web.client.MockRestServiceServerResetTestExecutionListener, org.springframework.boot.test.autoconfigure.web.servlet.MockMvcPrintOnlyOnFailureTestExecutionListener, org.springframework.boot.test.autoconfigure.web.servlet.WebDriverTestExecutionListener, org.springframework.boot.test.autoconfigure.webservices.client.MockWebServiceServerTestExecutionListener, org.springframework.test.context.web.ServletTestExecutionListener, org.springframework.test.context.support.DirtiesContextBeforeModesTestExecutionListener, org.springframework.test.context.support.DependencyInjectionTestExecutionListener, org.springframework.test.context.support.DirtiesContextTestExecutionListener, org.springframework.test.context.transaction.TransactionalTestExecutionListener, org.springframework.test.context.jdbc.SqlScriptsTestExecutionListener, org.springframework.test.context.event.EventPublishingTestExecutionListener]
06:42:34.471 [main] INFO org.springframework.boot.test.context.SpringBootTestContextBootstrapper - Using TestExecutionListeners: [org.springframework.test.context.web.ServletTestExecutionListener@1255b1d1, org.springframework.test.context.support.DirtiesContextBeforeModesTestExecutionListener@464649c, org.springframework.boot.test.mock.mockito.MockitoTestExecutionListener@7c22d4f, org.springframework.boot.test.autoconfigure.SpringBootDependencyInjectionTestExecutionListener@5f59185e, org.springframework.test.context.support.DirtiesContextTestExecutionListener@60bdf15d, org.springframework.test.context.transaction.TransactionalTestExecutionListener@47da3952, org.springframework.test.context.jdbc.SqlScriptsTestExecutionListener@51e4ccb3, org.springframework.test.context.event.EventPublishingTestExecutionListener@46e8a539, org.springframework.boot.test.mock.mockito.ResetMocksTestExecutionListener@495083a0, org.springframework.boot.test.autoconfigure.restdocs.RestDocsTestExecutionListener@5fd62371, org.springframework.boot.test.autoconfigure.web.client.MockRestServiceServerResetTestExecutionListener@28a0fd6c, org.springframework.boot.test.autoconfigure.web.servlet.MockMvcPrintOnlyOnFailureTestExecutionListener@2b62442c, org.springframework.boot.test.autoconfigure.web.servlet.WebDriverTestExecutionListener@66629f63, org.springframework.boot.test.autoconfigure.webservices.client.MockWebServiceServerTestExecutionListener@841e575]
06:42:34.473 [main] DEBUG org.springframework.test.annotation.ProfileValueUtils - Retrieved @ProfileValueSourceConfiguration [null] for test class [uk.co.danielbryant.djshopping.stockmanager.ShopfrontApplicationTests]
06:42:34.473 [main] DEBUG org.springframework.test.annotation.ProfileValueUtils - Retrieved ProfileValueSource type [class org.springframework.test.annotation.SystemProfileValueSource] for class [uk.co.danielbryant.djshopping.stockmanager.ShopfrontApplicationTests]
06:42:34.474 [main] DEBUG org.springframework.test.annotation.ProfileValueUtils - Retrieved @ProfileValueSourceConfiguration [null] for test class [uk.co.danielbryant.djshopping.stockmanager.ShopfrontApplicationTests]
06:42:34.474 [main] DEBUG org.springframework.test.annotation.ProfileValueUtils - Retrieved ProfileValueSource type [class org.springframework.test.annotation.SystemProfileValueSource] for class [uk.co.danielbryant.djshopping.stockmanager.ShopfrontApplicationTests]
06:42:34.474 [main] DEBUG org.springframework.test.annotation.ProfileValueUtils - Retrieved @ProfileValueSourceConfiguration [null] for test class [uk.co.danielbryant.djshopping.stockmanager.ShopfrontApplicationTests]
06:42:34.474 [main] DEBUG org.springframework.test.annotation.ProfileValueUtils - Retrieved ProfileValueSource type [class org.springframework.test.annotation.SystemProfileValueSource] for class [uk.co.danielbryant.djshopping.stockmanager.ShopfrontApplicationTests]
06:42:34.497 [main] DEBUG org.springframework.test.context.junit4.SpringJUnit4ClassRunner - SpringJUnit4ClassRunner constructor called with [class uk.co.danielbryant.djshopping.stockmanager.ShopfrontApplicationTests]
06:42:34.497 [main] DEBUG org.springframework.test.context.BootstrapUtils - Instantiating CacheAwareContextLoaderDelegate from class [org.springframework.test.context.cache.DefaultCacheAwareContextLoaderDelegate]
06:42:34.498 [main] DEBUG org.springframework.test.context.BootstrapUtils - Instantiating BootstrapContext using constructor [public org.springframework.test.context.support.DefaultBootstrapContext(java.lang.Class,org.springframework.test.context.CacheAwareContextLoaderDelegate)]
06:42:34.498 [main] DEBUG org.springframework.test.context.BootstrapUtils - Instantiating TestContextBootstrapper for test class [uk.co.danielbryant.djshopping.stockmanager.ShopfrontApplicationTests] from class [org.springframework.boot.test.context.SpringBootTestContextBootstrapper]
06:42:34.498 [main] INFO org.springframework.boot.test.context.SpringBootTestContextBootstrapper - Neither @ContextConfiguration nor @ContextHierarchy found for test class [uk.co.danielbryant.djshopping.stockmanager.ShopfrontApplicationTests], using SpringBootContextLoader
06:42:34.499 [main] DEBUG org.springframework.test.context.support.AbstractContextLoader - Did not detect default resource location for test class [uk.co.danielbryant.djshopping.stockmanager.ShopfrontApplicationTests]: class path resource [uk/co/danielbryant/djshopping/stockmanager/ShopfrontApplicationTests-context.xml] does not exist
06:42:34.499 [main] DEBUG org.springframework.test.context.support.AbstractContextLoader - Did not detect default resource location for test class [uk.co.danielbryant.djshopping.stockmanager.ShopfrontApplicationTests]: class path resource [uk/co/danielbryant/djshopping/stockmanager/ShopfrontApplicationTestsContext.groovy] does not exist
06:42:34.499 [main] INFO org.springframework.test.context.support.AbstractContextLoader - Could not detect default resource locations for test class [uk.co.danielbryant.djshopping.stockmanager.ShopfrontApplicationTests]: no resource found for suffixes {-context.xml, Context.groovy}.
06:42:34.500 [main] DEBUG org.springframework.test.context.support.ActiveProfilesUtils - Could not find an 'annotation declaring class' for annotation type [org.springframework.test.context.ActiveProfiles] and class [uk.co.danielbryant.djshopping.stockmanager.ShopfrontApplicationTests]
06:42:34.502 [main] DEBUG org.springframework.boot.test.context.SpringBootTestContextBootstrapper - @TestExecutionListeners is not present for class [uk.co.danielbryant.djshopping.stockmanager.ShopfrontApplicationTests]: using defaults.
06:42:34.502 [main] INFO org.springframework.boot.test.context.SpringBootTestContextBootstrapper - Loaded default TestExecutionListener class names from location [META-INF/spring.factories]: [org.springframework.boot.test.mock.mockito.MockitoTestExecutionListener, org.springframework.boot.test.mock.mockito.ResetMocksTestExecutionListener, org.springframework.boot.test.autoconfigure.restdocs.RestDocsTestExecutionListener, org.springframework.boot.test.autoconfigure.web.client.MockRestServiceServerResetTestExecutionListener, org.springframework.boot.test.autoconfigure.web.servlet.MockMvcPrintOnlyOnFailureTestExecutionListener, org.springframework.boot.test.autoconfigure.web.servlet.WebDriverTestExecutionListener, org.springframework.boot.test.autoconfigure.webservices.client.MockWebServiceServerTestExecutionListener, org.springframework.test.context.web.ServletTestExecutionListener, org.springframework.test.context.support.DirtiesContextBeforeModesTestExecutionListener, org.springframework.test.context.support.DependencyInjectionTestExecutionListener, org.springframework.test.context.support.DirtiesContextTestExecutionListener, org.springframework.test.context.transaction.TransactionalTestExecutionListener, org.springframework.test.context.jdbc.SqlScriptsTestExecutionListener, org.springframework.test.context.event.EventPublishingTestExecutionListener]
06:42:34.503 [main] INFO org.springframework.boot.test.context.SpringBootTestContextBootstrapper - Using TestExecutionListeners: [org.springframework.test.context.web.ServletTestExecutionListener@314b8f2d, org.springframework.test.context.support.DirtiesContextBeforeModesTestExecutionListener@664a9613, org.springframework.boot.test.mock.mockito.MockitoTestExecutionListener@5118388b, org.springframework.boot.test.autoconfigure.SpringBootDependencyInjectionTestExecutionListener@15a902e7, org.springframework.test.context.support.DirtiesContextTestExecutionListener@7876d598, org.springframework.test.context.transaction.TransactionalTestExecutionListener@4a3e3e8b, org.springframework.test.context.jdbc.SqlScriptsTestExecutionListener@5af28b27, org.springframework.test.context.event.EventPublishingTestExecutionListener@71104a4, org.springframework.boot.test.mock.mockito.ResetMocksTestExecutionListener@4985cbcb, org.springframework.boot.test.autoconfigure.restdocs.RestDocsTestExecutionListener@72f46e16, org.springframework.boot.test.autoconfigure.web.client.MockRestServiceServerResetTestExecutionListener@3c9168dc, org.springframework.boot.test.autoconfigure.web.servlet.MockMvcPrintOnlyOnFailureTestExecutionListener@332a7fce, org.springframework.boot.test.autoconfigure.web.servlet.WebDriverTestExecutionListener@549621f3, org.springframework.boot.test.autoconfigure.webservices.client.MockWebServiceServerTestExecutionListener@54361a9]
06:42:34.503 [main] DEBUG org.springframework.test.annotation.ProfileValueUtils - Retrieved @ProfileValueSourceConfiguration [null] for test class [uk.co.danielbryant.djshopping.stockmanager.ShopfrontApplicationTests]
06:42:34.503 [main] DEBUG org.springframework.test.annotation.ProfileValueUtils - Retrieved ProfileValueSource type [class org.springframework.test.annotation.SystemProfileValueSource] for class [uk.co.danielbryant.djshopping.stockmanager.ShopfrontApplicationTests]
06:42:34.504 [main] DEBUG org.springframework.test.annotation.ProfileValueUtils - Retrieved @ProfileValueSourceConfiguration [null] for test class [uk.co.danielbryant.djshopping.stockmanager.ShopfrontApplicationTests]
06:42:34.504 [main] DEBUG org.springframework.test.annotation.ProfileValueUtils - Retrieved ProfileValueSource type [class org.springframework.test.annotation.SystemProfileValueSource] for class [uk.co.danielbryant.djshopping.stockmanager.ShopfrontApplicationTests]
06:42:34.504 [main] DEBUG org.springframework.test.annotation.ProfileValueUtils - Retrieved @ProfileValueSourceConfiguration [null] for test class [uk.co.danielbryant.djshopping.stockmanager.ShopfrontApplicationTests]
06:42:34.504 [main] DEBUG org.springframework.test.annotation.ProfileValueUtils - Retrieved ProfileValueSource type [class org.springframework.test.annotation.SystemProfileValueSource] for class [uk.co.danielbryant.djshopping.stockmanager.ShopfrontApplicationTests]
06:42:34.560 [main] DEBUG org.springframework.test.context.BootstrapUtils - Instantiating CacheAwareContextLoaderDelegate from class [org.springframework.test.context.cache.DefaultCacheAwareContextLoaderDelegate]
06:42:34.561 [main] DEBUG org.springframework.test.context.BootstrapUtils - Instantiating BootstrapContext using constructor [public org.springframework.test.context.support.DefaultBootstrapContext(java.lang.Class,org.springframework.test.context.CacheAwareContextLoaderDelegate)]
06:42:34.563 [main] DEBUG org.springframework.test.context.BootstrapUtils - Instantiating TestContextBootstrapper for test class [functional.RestStepDefs] from class [org.springframework.boot.test.context.SpringBootTestContextBootstrapper]
06:42:34.568 [main] DEBUG org.springframework.test.context.support.AbstractContextLoader - Did not detect default resource location for test class [functional.RestStepDefs]: class path resource [functional/RestStepDefs-context.xml] does not exist
06:42:34.568 [main] DEBUG org.springframework.test.context.support.AbstractContextLoader - Did not detect default resource location for test class [functional.RestStepDefs]: class path resource [functional/RestStepDefsContext.groovy] does not exist
06:42:34.569 [main] INFO org.springframework.test.context.support.AbstractContextLoader - Could not detect default resource locations for test class [functional.RestStepDefs]: no resource found for suffixes {-context.xml, Context.groovy}.
06:42:34.571 [main] DEBUG org.springframework.test.context.support.ActiveProfilesUtils - Could not find an 'annotation declaring class' for annotation type [org.springframework.test.context.ActiveProfiles] and class [functional.RestStepDefs]
06:42:34.572 [main] DEBUG org.springframework.boot.test.context.SpringBootTestContextBootstrapper - @TestExecutionListeners is not present for class [functional.RestStepDefs]: using defaults.
06:42:34.572 [main] INFO org.springframework.boot.test.context.SpringBootTestContextBootstrapper - Loaded default TestExecutionListener class names from location [META-INF/spring.factories]: [org.springframework.boot.test.mock.mockito.MockitoTestExecutionListener, org.springframework.boot.test.mock.mockito.ResetMocksTestExecutionListener, org.springframework.boot.test.autoconfigure.restdocs.RestDocsTestExecutionListener, org.springframework.boot.test.autoconfigure.web.client.MockRestServiceServerResetTestExecutionListener, org.springframework.boot.test.autoconfigure.web.servlet.MockMvcPrintOnlyOnFailureTestExecutionListener, org.springframework.boot.test.autoconfigure.web.servlet.WebDriverTestExecutionListener, org.springframework.boot.test.autoconfigure.webservices.client.MockWebServiceServerTestExecutionListener, org.springframework.test.context.web.ServletTestExecutionListener, org.springframework.test.context.support.DirtiesContextBeforeModesTestExecutionListener, org.springframework.test.context.support.DependencyInjectionTestExecutionListener, org.springframework.test.context.support.DirtiesContextTestExecutionListener, org.springframework.test.context.transaction.TransactionalTestExecutionListener, org.springframework.test.context.jdbc.SqlScriptsTestExecutionListener, org.springframework.test.context.event.EventPublishingTestExecutionListener]
06:42:34.573 [main] INFO org.springframework.boot.test.context.SpringBootTestContextBootstrapper - Using TestExecutionListeners: [org.springframework.test.context.web.ServletTestExecutionListener@173b9122, org.springframework.test.context.support.DirtiesContextBeforeModesTestExecutionListener@7c18432b, org.springframework.boot.test.mock.mockito.MockitoTestExecutionListener@7646731d, org.springframework.boot.test.autoconfigure.SpringBootDependencyInjectionTestExecutionListener@70e29e14, org.springframework.test.context.support.DirtiesContextTestExecutionListener@3b1bb3ab, org.springframework.test.context.transaction.TransactionalTestExecutionListener@5a4bef8, org.springframework.test.context.jdbc.SqlScriptsTestExecutionListener@40bffbca, org.springframework.test.context.event.EventPublishingTestExecutionListener@2449cff7, org.springframework.boot.test.mock.mockito.ResetMocksTestExecutionListener@42a9a63e, org.springframework.boot.test.autoconfigure.restdocs.RestDocsTestExecutionListener@62da83ed, org.springframework.boot.test.autoconfigure.web.client.MockRestServiceServerResetTestExecutionListener@5d8445d7, org.springframework.boot.test.autoconfigure.web.servlet.MockMvcPrintOnlyOnFailureTestExecutionListener@37d80fe7, org.springframework.boot.test.autoconfigure.web.servlet.WebDriverTestExecutionListener@384fc774, org.springframework.boot.test.autoconfigure.webservices.client.MockWebServiceServerTestExecutionListener@e3cee7b]
06:42:34.590 [main] DEBUG org.springframework.test.context.support.TestPropertySourceUtils - Adding inlined properties to environment: {spring.jmx.enabled=false, org.springframework.boot.test.context.SpringBootTestContextBootstrapper=true, server.port=0}

  .   ____          _            __ _ _
 /\\ / ___'_ __ _ _(_)_ __  __ _ \ \ \ \
( ( )\___ | '_ | '_| | '_ \/ _` | \ \ \ \
 \\/  ___)| |_)| | | | | || (_| |  ) ) ) )
  '  |____| .__|_| |_|_| |_\__, | / / / /
 =========|_|==============|___/=/_/_/_/
 :: Spring Boot ::        (v2.3.7.RELEASE)

2024-06-29 06:42:34.745  INFO 85314 --- [           main] functional.RestStepDefs                  : Starting RestStepDefs on rob-VirtualBox with PID 85314 (started by rob in /home/rob/Desktop/Docker-K8S-JavaApp/stockmanager)
2024-06-29 06:42:34.747  INFO 85314 --- [           main] functional.RestStepDefs                  : No active profile set, falling back to default profiles: default
2024-06-29 06:42:35.307  INFO 85314 --- [           main] .s.d.r.c.RepositoryConfigurationDelegate : Bootstrapping Spring Data JPA repositories in DEFAULT mode.
2024-06-29 06:42:35.348  INFO 85314 --- [           main] .s.d.r.c.RepositoryConfigurationDelegate : Finished Spring Data repository scanning in 35ms. Found 1 JPA repository interfaces.
2024-06-29 06:42:35.792  INFO 85314 --- [           main] o.s.b.w.embedded.tomcat.TomcatWebServer  : Tomcat initialized with port(s): 0 (http)
2024-06-29 06:42:35.800  INFO 85314 --- [           main] o.apache.catalina.core.StandardService   : Starting service [Tomcat]
2024-06-29 06:42:35.801  INFO 85314 --- [           main] org.apache.catalina.core.StandardEngine  : Starting Servlet engine: [Apache Tomcat/9.0.41]
2024-06-29 06:42:35.863  INFO 85314 --- [           main] o.a.c.c.C.[Tomcat].[localhost].[/]       : Initializing Spring embedded WebApplicationContext
2024-06-29 06:42:35.864  INFO 85314 --- [           main] w.s.c.ServletWebServerApplicationContext : Root WebApplicationContext: initialization completed in 1101 ms
2024-06-29 06:42:36.158  INFO 85314 --- [           main] com.zaxxer.hikari.HikariDataSource       : HikariPool-1 - Starting...
2024-06-29 06:42:36.288  INFO 85314 --- [           main] com.zaxxer.hikari.HikariDataSource       : HikariPool-1 - Start completed.
2024-06-29 06:42:36.335  INFO 85314 --- [           main] o.hibernate.jpa.internal.util.LogHelper  : HHH000204: Processing PersistenceUnitInfo [name: default]
2024-06-29 06:42:36.368  INFO 85314 --- [           main] org.hibernate.Version                    : HHH000412: Hibernate ORM core version 5.4.25.Final
2024-06-29 06:42:36.452  INFO 85314 --- [           main] o.hibernate.annotations.common.Version   : HCANN000001: Hibernate Commons Annotations {5.1.2.Final}
2024-06-29 06:42:36.528  INFO 85314 --- [           main] org.hibernate.dialect.Dialect            : HHH000400: Using dialect: org.hibernate.dialect.H2Dialect
2024-06-29 06:42:36.949  INFO 85314 --- [           main] o.h.e.t.j.p.i.JtaPlatformInitiator       : HHH000490: Using JtaPlatform implementation: [org.hibernate.engine.transaction.jta.platform.internal.NoJtaPlatform]
2024-06-29 06:42:36.954  INFO 85314 --- [           main] j.LocalContainerEntityManagerFactoryBean : Initialized JPA EntityManagerFactory for persistence unit 'default'
2024-06-29 06:42:37.104  INFO 85314 --- [           main] u.c.d.d.s.config.DataGenerator           : Generating synthetic data for demonstration purposes...
2024-06-29 06:42:37.168  INFO 85314 --- [           main] u.c.d.d.s.config.DataGenerator           : ... data generation complete
2024-06-29 06:42:37.226  WARN 85314 --- [           main] JpaBaseConfiguration$JpaWebConfiguration : spring.jpa.open-in-view is enabled by default. Therefore, database queries may be performed during view rendering. Explicitly configure spring.jpa.open-in-view to disable this warning
2024-06-29 06:42:37.372  INFO 85314 --- [           main] o.s.s.concurrent.ThreadPoolTaskExecutor  : Initializing ExecutorService 'applicationTaskExecutor'
2024-06-29 06:42:37.649  INFO 85314 --- [           main] o.s.b.a.e.web.EndpointLinksResolver      : Exposing 2 endpoint(s) beneath base path '/actuator'
2024-06-29 06:42:37.705  INFO 85314 --- [           main] o.s.b.w.embedded.tomcat.TomcatWebServer  : Tomcat started on port(s): 45799 (http) with context path ''
2024-06-29 06:42:37.720  INFO 85314 --- [           main] functional.RestStepDefs                  : Started RestStepDefs in 3.129 seconds (JVM running for 4.056)
]]></system-out>
  </testcase>
  <testcase name="Given the application has been initialised with test data" classname="functional.FunctionalTests" time="0">
    <error message="Could not initialize class cucumber.deps.com.thoughtworks.xstream.converters.collections.TreeMapConverter" type="java.lang.NoClassDefFoundError">java.lang.NoClassDefFoundError: Could not initialize class cucumber.deps.com.thoughtworks.xstream.converters.collections.TreeMapConverter
Caused by: java.lang.ExceptionInInitializerError: Exception java.lang.reflect.InaccessibleObjectException: Unable to make field private final java.util.Comparator java.util.TreeMap.comparator accessible: module java.base does not "opens java.util" to unnamed module @6ce2b319 [in thread "main"]
</error>
    <system-out><![CDATA[2024-06-29 06:42:37.927  INFO 85314 --- [           main] o.s.t.c.support.AbstractContextLoader    : Could not detect default resource locations for test class [functional.RestStepDefs]: no resource found for suffixes {-context.xml, Context.groovy}.
2024-06-29 06:42:37.930  INFO 85314 --- [           main] .b.t.c.SpringBootTestContextBootstrapper : Loaded default TestExecutionListener class names from location [META-INF/spring.factories]: [org.springframework.boot.test.mock.mockito.MockitoTestExecutionListener, org.springframework.boot.test.mock.mockito.ResetMocksTestExecutionListener, org.springframework.boot.test.autoconfigure.restdocs.RestDocsTestExecutionListener, org.springframework.boot.test.autoconfigure.web.client.MockRestServiceServerResetTestExecutionListener, org.springframework.boot.test.autoconfigure.web.servlet.MockMvcPrintOnlyOnFailureTestExecutionListener, org.springframework.boot.test.autoconfigure.web.servlet.WebDriverTestExecutionListener, org.springframework.boot.test.autoconfigure.webservices.client.MockWebServiceServerTestExecutionListener, org.springframework.test.context.web.ServletTestExecutionListener, org.springframework.test.context.support.DirtiesContextBeforeModesTestExecutionListener, org.springframework.test.context.support.DependencyInjectionTestExecutionListener, org.springframework.test.context.support.DirtiesContextTestExecutionListener, org.springframework.test.context.transaction.TransactionalTestExecutionListener, org.springframework.test.context.jdbc.SqlScriptsTestExecutionListener, org.springframework.test.context.event.EventPublishingTestExecutionListener]
2024-06-29 06:42:37.931  INFO 85314 --- [           main] .b.t.c.SpringBootTestContextBootstrapper : Using TestExecutionListeners: [org.springframework.test.context.web.ServletTestExecutionListener@4b407ac7, org.springframework.test.context.support.DirtiesContextBeforeModesTestExecutionListener@4c5ae26d, org.springframework.boot.test.mock.mockito.MockitoTestExecutionListener@5578ed7e, org.springframework.boot.test.autoconfigure.SpringBootDependencyInjectionTestExecutionListener@5dd5422f, org.springframework.test.context.support.DirtiesContextTestExecutionListener@158b8d10, org.springframework.test.context.transaction.TransactionalTestExecutionListener@e594c46, org.springframework.test.context.jdbc.SqlScriptsTestExecutionListener@1cd853ee, org.springframework.test.context.event.EventPublishingTestExecutionListener@6b6bae60, org.springframework.boot.test.mock.mockito.ResetMocksTestExecutionListener@22c14d10, org.springframework.boot.test.autoconfigure.restdocs.RestDocsTestExecutionListener@66be0e72, org.springframework.boot.test.autoconfigure.web.client.MockRestServiceServerResetTestExecutionListener@38276668, org.springframework.boot.test.autoconfigure.web.servlet.MockMvcPrintOnlyOnFailureTestExecutionListener@e09c7a2, org.springframework.boot.test.autoconfigure.web.servlet.WebDriverTestExecutionListener@2688b2be, org.springframework.boot.test.autoconfigure.webservices.client.MockWebServiceServerTestExecutionListener@30d3f583]
]]></system-out>
  </testcase>
  <testcase name="Scenario: Should be able to get a list of all stocks" classname="functional.FunctionalTests" time="0.005">
    <error type="java.lang.ExceptionInInitializerError">java.lang.ExceptionInInitializerError
Caused by: java.lang.reflect.InaccessibleObjectException: Unable to make field private final java.util.Comparator java.util.TreeMap.comparator accessible: module java.base does not "opens java.util" to unnamed module @6ce2b319
</error>
  </testcase>
  <testcase name="Scenario: Should be able to get a list of all stocks" classname="functional.FunctionalTests" time="0.011">
    <error type="java.lang.ExceptionInInitializerError">java.lang.ExceptionInInitializerError
Caused by: java.lang.reflect.InaccessibleObjectException: Unable to make field private final java.util.Comparator java.util.TreeMap.comparator accessible: module java.base does not "opens java.util" to unnamed module @6ce2b319
</error>
  </testcase>
  <testcase name="When the client gets all stocks" classname="functional.FunctionalTests" time="0">
    <skipped message="&lt;unknown&gt;"/>
  </testcase>
  <testcase name="When the client gets all stocks" classname="functional.FunctionalTests" time="0">
    <skipped message="&lt;unknown&gt;"/>
  </testcase>
  <testcase name="Then a list of 5 stocks will be returned" classname="functional.FunctionalTests" time="0">
    <skipped message="&lt;unknown&gt;"/>
  </testcase>
  <testcase name="Scenario: Should be able to get the correct SKU for the first stock" classname="functional.FunctionalTests" time="0.002">
    <error message="Could not initialize class cucumber.deps.com.thoughtworks.xstream.converters.collections.TreeMapConverter" type="java.lang.NoClassDefFoundError">java.lang.NoClassDefFoundError: Could not initialize class cucumber.deps.com.thoughtworks.xstream.converters.collections.TreeMapConverter
Caused by: java.lang.ExceptionInInitializerError: Exception java.lang.reflect.InaccessibleObjectException: Unable to make field private final java.util.Comparator java.util.TreeMap.comparator accessible: module java.base does not "opens java.util" to unnamed module @6ce2b319 [in thread "main"]
</error>
  </testcase>
  <testcase name="Scenario: Should be able to get the correct SKU for the first stock" classname="functional.FunctionalTests" time="0.006">
    <error message="Could not initialize class cucumber.deps.com.thoughtworks.xstream.converters.collections.TreeMapConverter" type="java.lang.NoClassDefFoundError">java.lang.NoClassDefFoundError: Could not initialize class cucumber.deps.com.thoughtworks.xstream.converters.collections.TreeMapConverter
Caused by: java.lang.ExceptionInInitializerError: Exception java.lang.reflect.InaccessibleObjectException: Unable to make field private final java.util.Comparator java.util.TreeMap.comparator accessible: module java.base does not "opens java.util" to unnamed module @6ce2b319 [in thread "main"]
</error>
  </testcase>
  <testcase name="Then the stock at index 0 will have the sku 12345678" classname="functional.FunctionalTests" time="0">
    <skipped message="&lt;unknown&gt;"/>
  </testcase>
</testsuite>